#
# There is insufficient memory for the Java Runtime Environment to continue.
# Native memory allocation (malloc) failed to allocate 550816 bytes for Chunk::new
# Possible reasons:
#   The system is out of physical RAM or swap space
#   The process is running with CompressedOops enabled, and the Java Heap may be blocking the growth of the native heap
# Possible solutions:
#   Reduce memory load on the system
#   Increase physical memory or swap space
#   Check if swap backing store is full
#   Decrease Java heap size (-Xmx/-Xms)
#   Decrease number of Java threads
#   Decrease Java thread stack sizes (-Xss)
#   Set larger code cache with -XX:ReservedCodeCacheSize=
#   JVM is running with Zero Based Compressed Oops mode in which the Java heap is
#     placed in the first 32GB address space. The Java Heap base address is the
#     maximum limit for the native heap growth. Please use -XX:HeapBaseMinAddress
#     to set the Java Heap base and to place the Java Heap above 32GB virtual address.
# This output file may be truncated or incomplete.
#
#  Out of Memory Error (./src/hotspot/share/memory/arena.cpp:197), pid=16464, tid=8584
#
# JRE version: OpenJDK Runtime Environment (11.0.15.1+2) (build 11.0.15.1+2-LTS)
# Java VM: OpenJDK 64-Bit Server VM (11.0.15.1+2-LTS, mixed mode, tiered, compressed oops, g1 gc, windows-amd64)
# No core dump will be written. Minidumps are not enabled by default on client versions of Windows
#

---------------  S U M M A R Y ------------

Command Line: com.hospice.care.CareApplication

Host: Intel(R) Core(TM) i7-10750H CPU @ 2.60GHz, 12 cores, 15G,  Windows 10 , 64 bit Build 19041 (10.0.19041.1806)
Time: Wed Jul 27 13:46:18 2022  Windows 10 , 64 bit Build 19041 (10.0.19041.1806) elapsed time: 271.236756 seconds (0d 0h 4m 31s)

---------------  T H R E A D  ---------------

Current thread (0x000001e17596c800):  JavaThread "C2 CompilerThread0" daemon [_thread_in_native, id=8584, stack(0x0000006c8eb00000,0x0000006c8ec00000)]


Current CompileTask:
C2: 271236 6709   !   4       java.net.URL::<init> (543 bytes)

Stack: [0x0000006c8eb00000,0x0000006c8ec00000]
Native frames: (J=compiled Java code, j=interpreted, Vv=VM code, C=native code)
V  [jvm.dll+0x61a02a]
V  [jvm.dll+0x7a4a49]
V  [jvm.dll+0x7a6229]
V  [jvm.dll+0x7a6913]
V  [jvm.dll+0x24dfe8]
V  [jvm.dll+0xc21fc]
V  [jvm.dll+0xc27bc]
V  [jvm.dll+0x2bfce4]
V  [jvm.dll+0x5293d9]
V  [jvm.dll+0x20fd4d]
V  [jvm.dll+0x2099b4]
V  [jvm.dll+0x206a7b]
V  [jvm.dll+0x18a411]
V  [jvm.dll+0x216004]
V  [jvm.dll+0x21424b]
V  [jvm.dll+0x767850]
V  [jvm.dll+0x7606e4]
V  [jvm.dll+0x618e86]
C  [ucrtbase.dll+0x21bb2]
C  [KERNEL32.DLL+0x17034]
C  [ntdll.dll+0x52651]


---------------  P R O C E S S  ---------------

Threads class SMR info:
_java_thread_list=0x000001e176383070, length=31, elements={
0x000001e17504b800, 0x000001e175054800, 0x000001e17595e800, 0x000001e17595f800,
0x000001e175960800, 0x000001e17596c800, 0x000001e175973800, 0x000001e175978800,
0x000001e175a94000, 0x000001e17a911000, 0x000001e17bb13000, 0x000001e17a601800,
0x000001e179c7d800, 0x000001e17bbc2000, 0x000001e17bbc1000, 0x000001e17bcb3800,
0x000001e17bcb7000, 0x000001e17bcb4800, 0x000001e17bcb5800, 0x000001e17bcb6000,
0x000001e17bcb1800, 0x000001e17bcb8000, 0x000001e17bcb2000, 0x000001e17bcb8800,
0x000001e17bcb3000, 0x000001e17bcbc000, 0x000001e17bcb9800, 0x000001e17bcbb000,
0x000001e17bcbc800, 0x000001e17a40c000, 0x000001e179b5b800
}

Java Threads: ( => current thread )
  0x000001e17504b800 JavaThread "Reference Handler" daemon [_thread_blocked, id=20468, stack(0x0000006c8e600000,0x0000006c8e700000)]
  0x000001e175054800 JavaThread "Finalizer" daemon [_thread_blocked, id=16148, stack(0x0000006c8e700000,0x0000006c8e800000)]
  0x000001e17595e800 JavaThread "Signal Dispatcher" daemon [_thread_blocked, id=9192, stack(0x0000006c8e800000,0x0000006c8e900000)]
  0x000001e17595f800 JavaThread "Attach Listener" daemon [_thread_blocked, id=3844, stack(0x0000006c8e900000,0x0000006c8ea00000)]
  0x000001e175960800 JavaThread "Service Thread" daemon [_thread_blocked, id=12504, stack(0x0000006c8ea00000,0x0000006c8eb00000)]
=>0x000001e17596c800 JavaThread "C2 CompilerThread0" daemon [_thread_in_native, id=8584, stack(0x0000006c8eb00000,0x0000006c8ec00000)]
  0x000001e175973800 JavaThread "C1 CompilerThread0" daemon [_thread_blocked, id=17840, stack(0x0000006c8ec00000,0x0000006c8ed00000)]
  0x000001e175978800 JavaThread "Sweeper thread" daemon [_thread_blocked, id=19400, stack(0x0000006c8ed00000,0x0000006c8ee00000)]
  0x000001e175a94000 JavaThread "Common-Cleaner" daemon [_thread_blocked, id=12672, stack(0x0000006c8ef00000,0x0000006c8f000000)]
  0x000001e17a911000 JavaThread "Catalina-utility-1" [_thread_blocked, id=6112, stack(0x0000006c8f900000,0x0000006c8fa00000)]
  0x000001e17bb13000 JavaThread "Catalina-utility-2" [_thread_blocked, id=5904, stack(0x0000006c8fe00000,0x0000006c8ff00000)]
  0x000001e17a601800 JavaThread "container-0" [_thread_blocked, id=20200, stack(0x0000006c8ff00000,0x0000006c90000000)]
  0x000001e179c7d800 JavaThread "mysql-cj-abandoned-connection-cleanup" daemon [_thread_blocked, id=19996, stack(0x0000006c90000000,0x0000006c90100000)]
  0x000001e17bbc2000 JavaThread "HikariPool-1 housekeeper" daemon [_thread_blocked, id=5212, stack(0x0000006c90200000,0x0000006c90300000)]
  0x000001e17bbc1000 JavaThread "File Watcher" daemon [_thread_blocked, id=15504, stack(0x0000006c90600000,0x0000006c90700000)]
  0x000001e17bcb3800 JavaThread "Live Reload Server" daemon [_thread_in_native, id=11984, stack(0x0000006c90800000,0x0000006c90900000)]
  0x000001e17bcb7000 JavaThread "http-nio-8800-exec-1" daemon [_thread_blocked, id=18820, stack(0x0000006c90700000,0x0000006c90800000)]
  0x000001e17bcb4800 JavaThread "http-nio-8800-exec-2" daemon [_thread_blocked, id=14012, stack(0x0000006c90900000,0x0000006c90a00000)]
  0x000001e17bcb5800 JavaThread "http-nio-8800-exec-3" daemon [_thread_blocked, id=5616, stack(0x0000006c90a00000,0x0000006c90b00000)]
  0x000001e17bcb6000 JavaThread "http-nio-8800-exec-4" daemon [_thread_blocked, id=5640, stack(0x0000006c90b00000,0x0000006c90c00000)]
  0x000001e17bcb1800 JavaThread "http-nio-8800-exec-5" daemon [_thread_blocked, id=17344, stack(0x0000006c90c00000,0x0000006c90d00000)]
  0x000001e17bcb8000 JavaThread "http-nio-8800-exec-6" daemon [_thread_blocked, id=14384, stack(0x0000006c90d00000,0x0000006c90e00000)]
  0x000001e17bcb2000 JavaThread "http-nio-8800-exec-7" daemon [_thread_blocked, id=8404, stack(0x0000006c90e00000,0x0000006c90f00000)]
  0x000001e17bcb8800 JavaThread "http-nio-8800-exec-8" daemon [_thread_blocked, id=14920, stack(0x0000006c90f00000,0x0000006c91000000)]
  0x000001e17bcb3000 JavaThread "http-nio-8800-exec-9" daemon [_thread_blocked, id=9428, stack(0x0000006c91000000,0x0000006c91100000)]
  0x000001e17bcbc000 JavaThread "http-nio-8800-exec-10" daemon [_thread_blocked, id=8208, stack(0x0000006c91100000,0x0000006c91200000)]
  0x000001e17bcb9800 JavaThread "http-nio-8800-Poller" daemon [_thread_in_native, id=19252, stack(0x0000006c91200000,0x0000006c91300000)]
  0x000001e17bcbb000 JavaThread "http-nio-8800-Acceptor" daemon [_thread_in_native, id=19076, stack(0x0000006c91300000,0x0000006c91400000)]
  0x000001e17bcbc800 JavaThread "DestroyJavaVM" [_thread_blocked, id=6504, stack(0x0000006c8df00000,0x0000006c8e000000)]
  0x000001e17a40c000 JavaThread "C2 CompilerThread1" daemon [_thread_blocked, id=3632, stack(0x0000006c8dc00000,0x0000006c8dd00000)]
  0x000001e179b5b800 JavaThread "C2 CompilerThread2" daemon [_thread_blocked, id=2320, stack(0x0000006c8dd00000,0x0000006c8de00000)]

Other Threads:
  0x000001e175047000 VMThread "VM Thread" [stack: 0x0000006c8e500000,0x0000006c8e600000] [id=18220]
  0x000001e175b0e800 WatcherThread [stack: 0x0000006c8ee00000,0x0000006c8ef00000] [id=13288]
  0x000001e14f0e7000 GCTaskThread "GC Thread#0" [stack: 0x0000006c8e000000,0x0000006c8e100000] [id=20308]
  0x000001e17725b000 GCTaskThread "GC Thread#1" [stack: 0x0000006c8f400000,0x0000006c8f500000] [id=16116]
  0x000001e176e88800 GCTaskThread "GC Thread#2" [stack: 0x0000006c8f500000,0x0000006c8f600000] [id=13332]
  0x000001e17710e800 GCTaskThread "GC Thread#3" [stack: 0x0000006c8f600000,0x0000006c8f700000] [id=17892]
  0x000001e1777b0800 GCTaskThread "GC Thread#4" [stack: 0x0000006c8f700000,0x0000006c8f800000] [id=2680]
  0x000001e1778ef800 GCTaskThread "GC Thread#5" [stack: 0x0000006c8f800000,0x0000006c8f900000] [id=3420]
  0x000001e176ee0800 GCTaskThread "GC Thread#6" [stack: 0x0000006c8fa00000,0x0000006c8fb00000] [id=10664]
  0x000001e1773fd000 GCTaskThread "GC Thread#7" [stack: 0x0000006c8fb00000,0x0000006c8fc00000] [id=14000]
  0x000001e17a5a6000 GCTaskThread "GC Thread#8" [stack: 0x0000006c90400000,0x0000006c90500000] [id=17868]
  0x000001e17c41b000 GCTaskThread "GC Thread#9" [stack: 0x0000006c90500000,0x0000006c90600000] [id=18256]
  0x000001e14f142800 ConcurrentGCThread "G1 Main Marker" [stack: 0x0000006c8e100000,0x0000006c8e200000] [id=2884]
  0x000001e14f143800 ConcurrentGCThread "G1 Conc#0" [stack: 0x0000006c8e200000,0x0000006c8e300000] [id=2900]
  0x000001e1772c7000 ConcurrentGCThread "G1 Conc#1" [stack: 0x0000006c8fc00000,0x0000006c8fd00000] [id=10964]
  0x000001e1779ac800 ConcurrentGCThread "G1 Conc#2" [stack: 0x0000006c8fd00000,0x0000006c8fe00000] [id=8248]
  0x000001e174f29000 ConcurrentGCThread "G1 Refine#0" [stack: 0x0000006c8e300000,0x0000006c8e400000] [id=3500]
  0x000001e174f2b000 ConcurrentGCThread "G1 Young RemSet Sampling" [stack: 0x0000006c8e400000,0x0000006c8e500000] [id=5872]

Threads with active compile tasks:
C2 CompilerThread0   271261 6709   !   4       java.net.URL::<init> (543 bytes)

VM state:not at safepoint (normal execution)

VM Mutex/Monitor currently owned by a thread: None

Heap address: 0x0000000703a00000, size: 4038 MB, Compressed Oops mode: Zero based, Oop shift amount: 3
Narrow klass base: 0x0000000800000000, Narrow klass shift: 0
Compressed class space size: 1073741824 Address: 0x0000000800000000

Heap:
 garbage-first heap   total 312320K, used 184082K [0x0000000703a00000, 0x0000000800000000)
  region size 1024K, 172 young (176128K), 18 survivors (18432K)
 Metaspace       used 73502K, capacity 75569K, committed 75600K, reserved 1116160K
  class space    used 8848K, capacity 9704K, committed 9728K, reserved 1048576K
Heap Regions: E=young(eden), S=young(survivor), O=old, HS=humongous(starts), HC=humongous(continues), CS=collection set, F=free, A=archive, TAMS=top-at-mark-start (previous, next)
|   0|0x0000000703a00000, 0x0000000703b00000, 0x0000000703b00000|100%|HS|  |TAMS 0x0000000703b00000, 0x0000000703a00000| Complete 
|   1|0x0000000703b00000, 0x0000000703c00000, 0x0000000703c00000|100%| O|  |TAMS 0x0000000703c00000, 0x0000000703b00000| Untracked 
|   2|0x0000000703c00000, 0x0000000703d00000, 0x0000000703d00000|100%| O|  |TAMS 0x0000000703d00000, 0x0000000703c00000| Untracked 
|   3|0x0000000703d00000, 0x0000000703e00000, 0x0000000703e00000|100%| O|  |TAMS 0x0000000703e00000, 0x0000000703d00000| Untracked 
|   4|0x0000000703e00000, 0x0000000703f00000, 0x0000000703f00000|100%| O|  |TAMS 0x0000000703f00000, 0x0000000703e00000| Untracked 
|   5|0x0000000703f00000, 0x0000000704000000, 0x0000000704000000|100%| O|  |TAMS 0x0000000704000000, 0x0000000703f00000| Untracked 
|   6|0x0000000704000000, 0x0000000704100000, 0x0000000704100000|100%| O|  |TAMS 0x0000000704100000, 0x0000000704000000| Untracked 
|   7|0x0000000704100000, 0x000000070410b400, 0x0000000704200000|  4%| O|  |TAMS 0x000000070410b400, 0x0000000704100000| Untracked 
|   8|0x0000000704200000, 0x0000000704300000, 0x0000000704300000|100%|HS|  |TAMS 0x0000000704200000, 0x0000000704200000| Complete 
|   9|0x0000000704300000, 0x0000000704400000, 0x0000000704400000|100%|HS|  |TAMS 0x0000000704300000, 0x0000000704300000| Complete 
|  10|0x0000000704400000, 0x0000000704500000, 0x0000000704500000|100%|HC|  |TAMS 0x0000000704400000, 0x0000000704400000| Complete 
|  11|0x0000000704500000, 0x0000000704500000, 0x0000000704600000|  0%| F|  |TAMS 0x0000000704500000, 0x0000000704500000| Untracked 
|  12|0x0000000704600000, 0x0000000704600000, 0x0000000704700000|  0%| F|  |TAMS 0x0000000704600000, 0x0000000704600000| Untracked 
|  13|0x0000000704700000, 0x0000000704700000, 0x0000000704800000|  0%| F|  |TAMS 0x0000000704700000, 0x0000000704700000| Untracked 
|  14|0x0000000704800000, 0x0000000704800000, 0x0000000704900000|  0%| F|  |TAMS 0x0000000704800000, 0x0000000704800000| Untracked 
|  15|0x0000000704900000, 0x0000000704900000, 0x0000000704a00000|  0%| F|  |TAMS 0x0000000704900000, 0x0000000704900000| Untracked 
|  16|0x0000000704a00000, 0x0000000704a00000, 0x0000000704b00000|  0%| F|  |TAMS 0x0000000704a00000, 0x0000000704a00000| Untracked 
|  17|0x0000000704b00000, 0x0000000704b00000, 0x0000000704c00000|  0%| F|  |TAMS 0x0000000704b00000, 0x0000000704b00000| Untracked 
|  18|0x0000000704c00000, 0x0000000704c00000, 0x0000000704d00000|  0%| F|  |TAMS 0x0000000704c00000, 0x0000000704c00000| Untracked 
|  19|0x0000000704d00000, 0x0000000704d00000, 0x0000000704e00000|  0%| F|  |TAMS 0x0000000704d00000, 0x0000000704d00000| Untracked 
|  20|0x0000000704e00000, 0x0000000704e00000, 0x0000000704f00000|  0%| F|  |TAMS 0x0000000704e00000, 0x0000000704e00000| Untracked 
|  21|0x0000000704f00000, 0x0000000704f00000, 0x0000000705000000|  0%| F|  |TAMS 0x0000000704f00000, 0x0000000704f00000| Untracked 
|  22|0x0000000705000000, 0x0000000705000000, 0x0000000705100000|  0%| F|  |TAMS 0x0000000705000000, 0x0000000705000000| Untracked 
|  23|0x0000000705100000, 0x0000000705100000, 0x0000000705200000|  0%| F|  |TAMS 0x0000000705100000, 0x0000000705100000| Untracked 
|  24|0x0000000705200000, 0x0000000705200000, 0x0000000705300000|  0%| F|  |TAMS 0x0000000705200000, 0x0000000705200000| Untracked 
|  25|0x0000000705300000, 0x0000000705300000, 0x0000000705400000|  0%| F|  |TAMS 0x0000000705300000, 0x0000000705300000| Untracked 
|  26|0x0000000705400000, 0x0000000705400000, 0x0000000705500000|  0%| F|  |TAMS 0x0000000705400000, 0x0000000705400000| Untracked 
|  27|0x0000000705500000, 0x0000000705500000, 0x0000000705600000|  0%| F|  |TAMS 0x0000000705500000, 0x0000000705500000| Untracked 
|  28|0x0000000705600000, 0x0000000705600000, 0x0000000705700000|  0%| F|  |TAMS 0x0000000705600000, 0x0000000705600000| Untracked 
|  29|0x0000000705700000, 0x0000000705700000, 0x0000000705800000|  0%| F|  |TAMS 0x0000000705700000, 0x0000000705700000| Untracked 
|  30|0x0000000705800000, 0x0000000705800000, 0x0000000705900000|  0%| F|  |TAMS 0x0000000705800000, 0x0000000705800000| Untracked 
|  31|0x0000000705900000, 0x0000000705900000, 0x0000000705a00000|  0%| F|  |TAMS 0x0000000705900000, 0x0000000705900000| Untracked 
|  32|0x0000000705a00000, 0x0000000705a00000, 0x0000000705b00000|  0%| F|  |TAMS 0x0000000705a00000, 0x0000000705a00000| Untracked 
|  33|0x0000000705b00000, 0x0000000705b00000, 0x0000000705c00000|  0%| F|  |TAMS 0x0000000705b00000, 0x0000000705b00000| Untracked 
|  34|0x0000000705c00000, 0x0000000705c00000, 0x0000000705d00000|  0%| F|  |TAMS 0x0000000705c00000, 0x0000000705c00000| Untracked 
|  35|0x0000000705d00000, 0x0000000705d00000, 0x0000000705e00000|  0%| F|  |TAMS 0x0000000705d00000, 0x0000000705d00000| Untracked 
|  36|0x0000000705e00000, 0x0000000705e00000, 0x0000000705f00000|  0%| F|  |TAMS 0x0000000705e00000, 0x0000000705e00000| Untracked 
|  37|0x0000000705f00000, 0x0000000705f00000, 0x0000000706000000|  0%| F|  |TAMS 0x0000000705f00000, 0x0000000705f00000| Untracked 
|  38|0x0000000706000000, 0x0000000706000000, 0x0000000706100000|  0%| F|  |TAMS 0x0000000706000000, 0x0000000706000000| Untracked 
|  39|0x0000000706100000, 0x0000000706100000, 0x0000000706200000|  0%| F|  |TAMS 0x0000000706100000, 0x0000000706100000| Untracked 
|  40|0x0000000706200000, 0x0000000706200000, 0x0000000706300000|  0%| F|  |TAMS 0x0000000706200000, 0x0000000706200000| Untracked 
|  41|0x0000000706300000, 0x0000000706300000, 0x0000000706400000|  0%| F|  |TAMS 0x0000000706300000, 0x0000000706300000| Untracked 
|  42|0x0000000706400000, 0x0000000706400000, 0x0000000706500000|  0%| F|  |TAMS 0x0000000706400000, 0x0000000706400000| Untracked 
|  43|0x0000000706500000, 0x0000000706500000, 0x0000000706600000|  0%| F|  |TAMS 0x0000000706500000, 0x0000000706500000| Untracked 
|  44|0x0000000706600000, 0x0000000706600000, 0x0000000706700000|  0%| F|  |TAMS 0x0000000706600000, 0x0000000706600000| Untracked 
|  45|0x0000000706700000, 0x0000000706700000, 0x0000000706800000|  0%| F|  |TAMS 0x0000000706700000, 0x0000000706700000| Untracked 
|  46|0x0000000706800000, 0x0000000706800000, 0x0000000706900000|  0%| F|  |TAMS 0x0000000706800000, 0x0000000706800000| Untracked 
|  47|0x0000000706900000, 0x0000000706900000, 0x0000000706a00000|  0%| F|  |TAMS 0x0000000706900000, 0x0000000706900000| Untracked 
|  48|0x0000000706a00000, 0x0000000706a00000, 0x0000000706b00000|  0%| F|  |TAMS 0x0000000706a00000, 0x0000000706a00000| Untracked 
|  49|0x0000000706b00000, 0x0000000706b00000, 0x0000000706c00000|  0%| F|  |TAMS 0x0000000706b00000, 0x0000000706b00000| Untracked 
|  50|0x0000000706c00000, 0x0000000706c00000, 0x0000000706d00000|  0%| F|  |TAMS 0x0000000706c00000, 0x0000000706c00000| Untracked 
|  51|0x0000000706d00000, 0x0000000706d00000, 0x0000000706e00000|  0%| F|  |TAMS 0x0000000706d00000, 0x0000000706d00000| Untracked 
|  52|0x0000000706e00000, 0x0000000706e00000, 0x0000000706f00000|  0%| F|  |TAMS 0x0000000706e00000, 0x0000000706e00000| Untracked 
|  53|0x0000000706f00000, 0x0000000706f00000, 0x0000000707000000|  0%| F|  |TAMS 0x0000000706f00000, 0x0000000706f00000| Untracked 
|  54|0x0000000707000000, 0x0000000707000000, 0x0000000707100000|  0%| F|  |TAMS 0x0000000707000000, 0x0000000707000000| Untracked 
|  55|0x0000000707100000, 0x0000000707100000, 0x0000000707200000|  0%| F|  |TAMS 0x0000000707100000, 0x0000000707100000| Untracked 
|  56|0x0000000707200000, 0x0000000707200000, 0x0000000707300000|  0%| F|  |TAMS 0x0000000707200000, 0x0000000707200000| Untracked 
|  57|0x0000000707300000, 0x0000000707300000, 0x0000000707400000|  0%| F|  |TAMS 0x0000000707300000, 0x0000000707300000| Untracked 
|  58|0x0000000707400000, 0x0000000707400000, 0x0000000707500000|  0%| F|  |TAMS 0x0000000707400000, 0x0000000707400000| Untracked 
|  59|0x0000000707500000, 0x0000000707500000, 0x0000000707600000|  0%| F|  |TAMS 0x0000000707500000, 0x0000000707500000| Untracked 
|  60|0x0000000707600000, 0x0000000707600000, 0x0000000707700000|  0%| F|  |TAMS 0x0000000707600000, 0x0000000707600000| Untracked 
|  61|0x0000000707700000, 0x0000000707700000, 0x0000000707800000|  0%| F|  |TAMS 0x0000000707700000, 0x0000000707700000| Untracked 
|  62|0x0000000707800000, 0x0000000707800000, 0x0000000707900000|  0%| F|  |TAMS 0x0000000707800000, 0x0000000707800000| Untracked 
|  63|0x0000000707900000, 0x0000000707900000, 0x0000000707a00000|  0%| F|  |TAMS 0x0000000707900000, 0x0000000707900000| Untracked 
|  64|0x0000000707a00000, 0x0000000707a00000, 0x0000000707b00000|  0%| F|  |TAMS 0x0000000707a00000, 0x0000000707a00000| Untracked 
|  65|0x0000000707b00000, 0x0000000707b00000, 0x0000000707c00000|  0%| F|  |TAMS 0x0000000707b00000, 0x0000000707b00000| Untracked 
|  66|0x0000000707c00000, 0x0000000707c00000, 0x0000000707d00000|  0%| F|  |TAMS 0x0000000707c00000, 0x0000000707c00000| Untracked 
|  67|0x0000000707d00000, 0x0000000707d00000, 0x0000000707e00000|  0%| F|  |TAMS 0x0000000707d00000, 0x0000000707d00000| Untracked 
|  68|0x0000000707e00000, 0x0000000707e00000, 0x0000000707f00000|  0%| F|  |TAMS 0x0000000707e00000, 0x0000000707e00000| Untracked 
|  69|0x0000000707f00000, 0x0000000707f00000, 0x0000000708000000|  0%| F|  |TAMS 0x0000000707f00000, 0x0000000707f00000| Untracked 
|  70|0x0000000708000000, 0x0000000708000000, 0x0000000708100000|  0%| F|  |TAMS 0x0000000708000000, 0x0000000708000000| Untracked 
|  71|0x0000000708100000, 0x0000000708100000, 0x0000000708200000|  0%| F|  |TAMS 0x0000000708100000, 0x0000000708100000| Untracked 
|  72|0x0000000708200000, 0x0000000708200000, 0x0000000708300000|  0%| F|  |TAMS 0x0000000708200000, 0x0000000708200000| Untracked 
|  73|0x0000000708300000, 0x0000000708300000, 0x0000000708400000|  0%| F|  |TAMS 0x0000000708300000, 0x0000000708300000| Untracked 
|  74|0x0000000708400000, 0x0000000708400000, 0x0000000708500000|  0%| F|  |TAMS 0x0000000708400000, 0x0000000708400000| Untracked 
|  75|0x0000000708500000, 0x0000000708500000, 0x0000000708600000|  0%| F|  |TAMS 0x0000000708500000, 0x0000000708500000| Untracked 
|  76|0x0000000708600000, 0x0000000708600000, 0x0000000708700000|  0%| F|  |TAMS 0x0000000708600000, 0x0000000708600000| Untracked 
|  77|0x0000000708700000, 0x0000000708700000, 0x0000000708800000|  0%| F|  |TAMS 0x0000000708700000, 0x0000000708700000| Untracked 
|  78|0x0000000708800000, 0x0000000708800000, 0x0000000708900000|  0%| F|  |TAMS 0x0000000708800000, 0x0000000708800000| Untracked 
|  79|0x0000000708900000, 0x0000000708900000, 0x0000000708a00000|  0%| F|  |TAMS 0x0000000708900000, 0x0000000708900000| Untracked 
|  80|0x0000000708a00000, 0x0000000708a00000, 0x0000000708b00000|  0%| F|  |TAMS 0x0000000708a00000, 0x0000000708a00000| Untracked 
|  81|0x0000000708b00000, 0x0000000708b00000, 0x0000000708c00000|  0%| F|  |TAMS 0x0000000708b00000, 0x0000000708b00000| Untracked 
|  82|0x0000000708c00000, 0x0000000708c00000, 0x0000000708d00000|  0%| F|  |TAMS 0x0000000708c00000, 0x0000000708c00000| Untracked 
|  83|0x0000000708d00000, 0x0000000708d00000, 0x0000000708e00000|  0%| F|  |TAMS 0x0000000708d00000, 0x0000000708d00000| Untracked 
|  84|0x0000000708e00000, 0x0000000708e00000, 0x0000000708f00000|  0%| F|  |TAMS 0x0000000708e00000, 0x0000000708e00000| Untracked 
|  85|0x0000000708f00000, 0x0000000708f00000, 0x0000000709000000|  0%| F|  |TAMS 0x0000000708f00000, 0x0000000708f00000| Untracked 
|  86|0x0000000709000000, 0x0000000709000000, 0x0000000709100000|  0%| F|  |TAMS 0x0000000709000000, 0x0000000709000000| Untracked 
|  87|0x0000000709100000, 0x0000000709100000, 0x0000000709200000|  0%| F|  |TAMS 0x0000000709100000, 0x0000000709100000| Untracked 
|  88|0x0000000709200000, 0x0000000709200000, 0x0000000709300000|  0%| F|  |TAMS 0x0000000709200000, 0x0000000709200000| Untracked 
|  89|0x0000000709300000, 0x0000000709300000, 0x0000000709400000|  0%| F|  |TAMS 0x0000000709300000, 0x0000000709300000| Untracked 
|  90|0x0000000709400000, 0x0000000709400000, 0x0000000709500000|  0%| F|  |TAMS 0x0000000709400000, 0x0000000709400000| Untracked 
|  91|0x0000000709500000, 0x00000007095b9708, 0x0000000709600000| 72%| S|CS|TAMS 0x0000000709500000, 0x0000000709500000| Complete 
|  92|0x0000000709600000, 0x0000000709700000, 0x0000000709700000|100%| S|CS|TAMS 0x0000000709600000, 0x0000000709600000| Complete 
|  93|0x0000000709700000, 0x0000000709800000, 0x0000000709800000|100%| S|CS|TAMS 0x0000000709700000, 0x0000000709700000| Complete 
|  94|0x0000000709800000, 0x0000000709900000, 0x0000000709900000|100%| S|CS|TAMS 0x0000000709800000, 0x0000000709800000| Complete 
|  95|0x0000000709900000, 0x0000000709a00000, 0x0000000709a00000|100%| S|CS|TAMS 0x0000000709900000, 0x0000000709900000| Complete 
|  96|0x0000000709a00000, 0x0000000709b00000, 0x0000000709b00000|100%| S|CS|TAMS 0x0000000709a00000, 0x0000000709a00000| Complete 
|  97|0x0000000709b00000, 0x0000000709c00000, 0x0000000709c00000|100%| S|CS|TAMS 0x0000000709b00000, 0x0000000709b00000| Complete 
|  98|0x0000000709c00000, 0x0000000709d00000, 0x0000000709d00000|100%| S|CS|TAMS 0x0000000709c00000, 0x0000000709c00000| Complete 
|  99|0x0000000709d00000, 0x0000000709e00000, 0x0000000709e00000|100%| S|CS|TAMS 0x0000000709d00000, 0x0000000709d00000| Complete 
| 100|0x0000000709e00000, 0x0000000709f00000, 0x0000000709f00000|100%| S|CS|TAMS 0x0000000709e00000, 0x0000000709e00000| Complete 
| 101|0x0000000709f00000, 0x000000070a000000, 0x000000070a000000|100%| S|CS|TAMS 0x0000000709f00000, 0x0000000709f00000| Complete 
| 102|0x000000070a000000, 0x000000070a100000, 0x000000070a100000|100%| S|CS|TAMS 0x000000070a000000, 0x000000070a000000| Complete 
| 103|0x000000070a100000, 0x000000070a200000, 0x000000070a200000|100%| S|CS|TAMS 0x000000070a100000, 0x000000070a100000| Complete 
| 104|0x000000070a200000, 0x000000070a300000, 0x000000070a300000|100%| S|CS|TAMS 0x000000070a200000, 0x000000070a200000| Complete 
| 105|0x000000070a300000, 0x000000070a400000, 0x000000070a400000|100%| S|CS|TAMS 0x000000070a300000, 0x000000070a300000| Complete 
| 106|0x000000070a400000, 0x000000070a500000, 0x000000070a500000|100%| S|CS|TAMS 0x000000070a400000, 0x000000070a400000| Complete 
| 107|0x000000070a500000, 0x000000070a600000, 0x000000070a600000|100%| S|CS|TAMS 0x000000070a500000, 0x000000070a500000| Complete 
| 108|0x000000070a600000, 0x000000070a700000, 0x000000070a700000|100%| S|CS|TAMS 0x000000070a600000, 0x000000070a600000| Complete 
| 109|0x000000070a700000, 0x000000070a700000, 0x000000070a800000|  0%| F|  |TAMS 0x000000070a700000, 0x000000070a700000| Untracked 
| 110|0x000000070a800000, 0x000000070a800000, 0x000000070a900000|  0%| F|  |TAMS 0x000000070a800000, 0x000000070a800000| Untracked 
| 111|0x000000070a900000, 0x000000070a900000, 0x000000070aa00000|  0%| F|  |TAMS 0x000000070a900000, 0x000000070a900000| Untracked 
| 112|0x000000070aa00000, 0x000000070aa00000, 0x000000070ab00000|  0%| F|  |TAMS 0x000000070aa00000, 0x000000070aa00000| Untracked 
| 113|0x000000070ab00000, 0x000000070ab00000, 0x000000070ac00000|  0%| F|  |TAMS 0x000000070ab00000, 0x000000070ab00000| Untracked 
| 114|0x000000070ac00000, 0x000000070ac00000, 0x000000070ad00000|  0%| F|  |TAMS 0x000000070ac00000, 0x000000070ac00000| Untracked 
| 115|0x000000070ad00000, 0x000000070ad00000, 0x000000070ae00000|  0%| F|  |TAMS 0x000000070ad00000, 0x000000070ad00000| Untracked 
| 116|0x000000070ae00000, 0x000000070ae00000, 0x000000070af00000|  0%| F|  |TAMS 0x000000070ae00000, 0x000000070ae00000| Untracked 
| 117|0x000000070af00000, 0x000000070af00000, 0x000000070b000000|  0%| F|  |TAMS 0x000000070af00000, 0x000000070af00000| Untracked 
| 118|0x000000070b000000, 0x000000070b000000, 0x000000070b100000|  0%| F|  |TAMS 0x000000070b000000, 0x000000070b000000| Untracked 
| 119|0x000000070b100000, 0x000000070b100000, 0x000000070b200000|  0%| F|  |TAMS 0x000000070b100000, 0x000000070b100000| Untracked 
| 120|0x000000070b200000, 0x000000070b200000, 0x000000070b300000|  0%| F|  |TAMS 0x000000070b200000, 0x000000070b200000| Untracked 
| 121|0x000000070b300000, 0x000000070b300000, 0x000000070b400000|  0%| F|  |TAMS 0x000000070b300000, 0x000000070b300000| Untracked 
| 122|0x000000070b400000, 0x000000070b400000, 0x000000070b500000|  0%| F|  |TAMS 0x000000070b400000, 0x000000070b400000| Untracked 
| 123|0x000000070b500000, 0x000000070b500000, 0x000000070b600000|  0%| F|  |TAMS 0x000000070b500000, 0x000000070b500000| Untracked 
| 124|0x000000070b600000, 0x000000070b600000, 0x000000070b700000|  0%| F|  |TAMS 0x000000070b600000, 0x000000070b600000| Untracked 
| 125|0x000000070b700000, 0x000000070b700000, 0x000000070b800000|  0%| F|  |TAMS 0x000000070b700000, 0x000000070b700000| Untracked 
| 126|0x000000070b800000, 0x000000070b800000, 0x000000070b900000|  0%| F|  |TAMS 0x000000070b800000, 0x000000070b800000| Untracked 
| 127|0x000000070b900000, 0x000000070b900000, 0x000000070ba00000|  0%| F|  |TAMS 0x000000070b900000, 0x000000070b900000| Untracked 
| 128|0x000000070ba00000, 0x000000070ba00000, 0x000000070bb00000|  0%| F|  |TAMS 0x000000070ba00000, 0x000000070ba00000| Untracked 
| 129|0x000000070bb00000, 0x000000070bb00000, 0x000000070bc00000|  0%| F|  |TAMS 0x000000070bb00000, 0x000000070bb00000| Untracked 
| 130|0x000000070bc00000, 0x000000070bc00000, 0x000000070bd00000|  0%| F|  |TAMS 0x000000070bc00000, 0x000000070bc00000| Untracked 
| 131|0x000000070bd00000, 0x000000070bd00000, 0x000000070be00000|  0%| F|  |TAMS 0x000000070bd00000, 0x000000070bd00000| Untracked 
| 132|0x000000070be00000, 0x000000070be00000, 0x000000070bf00000|  0%| F|  |TAMS 0x000000070be00000, 0x000000070be00000| Untracked 
| 133|0x000000070bf00000, 0x000000070bf00000, 0x000000070c000000|  0%| F|  |TAMS 0x000000070bf00000, 0x000000070bf00000| Untracked 
| 134|0x000000070c000000, 0x000000070c000000, 0x000000070c100000|  0%| F|  |TAMS 0x000000070c000000, 0x000000070c000000| Untracked 
| 135|0x000000070c100000, 0x000000070c100000, 0x000000070c200000|  0%| F|  |TAMS 0x000000070c100000, 0x000000070c100000| Untracked 
| 136|0x000000070c200000, 0x000000070c200000, 0x000000070c300000|  0%| F|  |TAMS 0x000000070c200000, 0x000000070c200000| Untracked 
| 137|0x000000070c300000, 0x000000070c300000, 0x000000070c400000|  0%| F|  |TAMS 0x000000070c300000, 0x000000070c300000| Untracked 
| 138|0x000000070c400000, 0x000000070c400000, 0x000000070c500000|  0%| F|  |TAMS 0x000000070c400000, 0x000000070c400000| Untracked 
| 139|0x000000070c500000, 0x000000070c500000, 0x000000070c600000|  0%| F|  |TAMS 0x000000070c500000, 0x000000070c500000| Untracked 
| 140|0x000000070c600000, 0x000000070c600000, 0x000000070c700000|  0%| F|  |TAMS 0x000000070c600000, 0x000000070c600000| Untracked 
| 141|0x000000070c700000, 0x000000070c700000, 0x000000070c800000|  0%| F|  |TAMS 0x000000070c700000, 0x000000070c700000| Untracked 
| 142|0x000000070c800000, 0x000000070c800000, 0x000000070c900000|  0%| F|  |TAMS 0x000000070c800000, 0x000000070c800000| Untracked 
| 143|0x000000070c900000, 0x000000070c900000, 0x000000070ca00000|  0%| F|  |TAMS 0x000000070c900000, 0x000000070c900000| Untracked 
| 144|0x000000070ca00000, 0x000000070ca00000, 0x000000070cb00000|  0%| F|  |TAMS 0x000000070ca00000, 0x000000070ca00000| Untracked 
| 145|0x000000070cb00000, 0x000000070cb00000, 0x000000070cc00000|  0%| F|  |TAMS 0x000000070cb00000, 0x000000070cb00000| Untracked 
| 146|0x000000070cc00000, 0x000000070cc00000, 0x000000070cd00000|  0%| F|  |TAMS 0x000000070cc00000, 0x000000070cc00000| Untracked 
| 147|0x000000070cd00000, 0x000000070cd00000, 0x000000070ce00000|  0%| F|  |TAMS 0x000000070cd00000, 0x000000070cd00000| Untracked 
| 148|0x000000070ce00000, 0x000000070ce00000, 0x000000070cf00000|  0%| F|  |TAMS 0x000000070ce00000, 0x000000070ce00000| Untracked 
| 149|0x000000070cf00000, 0x000000070cf00000, 0x000000070d000000|  0%| F|  |TAMS 0x000000070cf00000, 0x000000070cf00000| Untracked 
| 150|0x000000070d000000, 0x000000070d000000, 0x000000070d100000|  0%| F|  |TAMS 0x000000070d000000, 0x000000070d000000| Untracked 
| 151|0x000000070d100000, 0x000000070d180800, 0x000000070d200000| 50%| E|  |TAMS 0x000000070d100000, 0x000000070d100000| Complete 
| 152|0x000000070d200000, 0x000000070d300000, 0x000000070d300000|100%| E|CS|TAMS 0x000000070d200000, 0x000000070d200000| Complete 
| 153|0x000000070d300000, 0x000000070d400000, 0x000000070d400000|100%| E|CS|TAMS 0x000000070d300000, 0x000000070d300000| Complete 
| 154|0x000000070d400000, 0x000000070d500000, 0x000000070d500000|100%| E|CS|TAMS 0x000000070d400000, 0x000000070d400000| Complete 
| 155|0x000000070d500000, 0x000000070d600000, 0x000000070d600000|100%| E|CS|TAMS 0x000000070d500000, 0x000000070d500000| Complete 
| 156|0x000000070d600000, 0x000000070d700000, 0x000000070d700000|100%| E|CS|TAMS 0x000000070d600000, 0x000000070d600000| Complete 
| 157|0x000000070d700000, 0x000000070d800000, 0x000000070d800000|100%| E|CS|TAMS 0x000000070d700000, 0x000000070d700000| Complete 
| 158|0x000000070d800000, 0x000000070d900000, 0x000000070d900000|100%| E|CS|TAMS 0x000000070d800000, 0x000000070d800000| Complete 
| 159|0x000000070d900000, 0x000000070da00000, 0x000000070da00000|100%| E|CS|TAMS 0x000000070d900000, 0x000000070d900000| Complete 
| 160|0x000000070da00000, 0x000000070db00000, 0x000000070db00000|100%| E|CS|TAMS 0x000000070da00000, 0x000000070da00000| Complete 
| 161|0x000000070db00000, 0x000000070dc00000, 0x000000070dc00000|100%| E|CS|TAMS 0x000000070db00000, 0x000000070db00000| Complete 
| 162|0x000000070dc00000, 0x000000070dd00000, 0x000000070dd00000|100%| E|CS|TAMS 0x000000070dc00000, 0x000000070dc00000| Complete 
| 163|0x000000070dd00000, 0x000000070de00000, 0x000000070de00000|100%| E|CS|TAMS 0x000000070dd00000, 0x000000070dd00000| Complete 
| 164|0x000000070de00000, 0x000000070df00000, 0x000000070df00000|100%| E|CS|TAMS 0x000000070de00000, 0x000000070de00000| Complete 
| 165|0x000000070df00000, 0x000000070e000000, 0x000000070e000000|100%| E|CS|TAMS 0x000000070df00000, 0x000000070df00000| Complete 
| 166|0x000000070e000000, 0x000000070e100000, 0x000000070e100000|100%| E|CS|TAMS 0x000000070e000000, 0x000000070e000000| Complete 
| 167|0x000000070e100000, 0x000000070e200000, 0x000000070e200000|100%| E|CS|TAMS 0x000000070e100000, 0x000000070e100000| Complete 
| 168|0x000000070e200000, 0x000000070e300000, 0x000000070e300000|100%| E|CS|TAMS 0x000000070e200000, 0x000000070e200000| Complete 
| 169|0x000000070e300000, 0x000000070e400000, 0x000000070e400000|100%| E|CS|TAMS 0x000000070e300000, 0x000000070e300000| Complete 
| 170|0x000000070e400000, 0x000000070e500000, 0x000000070e500000|100%| E|CS|TAMS 0x000000070e400000, 0x000000070e400000| Complete 
| 171|0x000000070e500000, 0x000000070e600000, 0x000000070e600000|100%| E|CS|TAMS 0x000000070e500000, 0x000000070e500000| Complete 
| 172|0x000000070e600000, 0x000000070e700000, 0x000000070e700000|100%| E|CS|TAMS 0x000000070e600000, 0x000000070e600000| Complete 
| 173|0x000000070e700000, 0x000000070e800000, 0x000000070e800000|100%| E|CS|TAMS 0x000000070e700000, 0x000000070e700000| Complete 
| 174|0x000000070e800000, 0x000000070e900000, 0x000000070e900000|100%| E|CS|TAMS 0x000000070e800000, 0x000000070e800000| Complete 
| 175|0x000000070e900000, 0x000000070ea00000, 0x000000070ea00000|100%| E|CS|TAMS 0x000000070e900000, 0x000000070e900000| Complete 
| 176|0x000000070ea00000, 0x000000070eb00000, 0x000000070eb00000|100%| E|CS|TAMS 0x000000070ea00000, 0x000000070ea00000| Complete 
| 177|0x000000070eb00000, 0x000000070ec00000, 0x000000070ec00000|100%| E|CS|TAMS 0x000000070eb00000, 0x000000070eb00000| Complete 
| 178|0x000000070ec00000, 0x000000070ed00000, 0x000000070ed00000|100%| E|CS|TAMS 0x000000070ec00000, 0x000000070ec00000| Complete 
| 179|0x000000070ed00000, 0x000000070ee00000, 0x000000070ee00000|100%| E|CS|TAMS 0x000000070ed00000, 0x000000070ed00000| Complete 
| 180|0x000000070ee00000, 0x000000070ef00000, 0x000000070ef00000|100%| E|CS|TAMS 0x000000070ee00000, 0x000000070ee00000| Complete 
| 181|0x000000070ef00000, 0x000000070f000000, 0x000000070f000000|100%| E|CS|TAMS 0x000000070ef00000, 0x000000070ef00000| Complete 
| 182|0x000000070f000000, 0x000000070f100000, 0x000000070f100000|100%| E|CS|TAMS 0x000000070f000000, 0x000000070f000000| Complete 
| 183|0x000000070f100000, 0x000000070f200000, 0x000000070f200000|100%| E|CS|TAMS 0x000000070f100000, 0x000000070f100000| Complete 
| 184|0x000000070f200000, 0x000000070f300000, 0x000000070f300000|100%| E|CS|TAMS 0x000000070f200000, 0x000000070f200000| Complete 
| 185|0x000000070f300000, 0x000000070f400000, 0x000000070f400000|100%| E|CS|TAMS 0x000000070f300000, 0x000000070f300000| Complete 
| 186|0x000000070f400000, 0x000000070f500000, 0x000000070f500000|100%| E|CS|TAMS 0x000000070f400000, 0x000000070f400000| Complete 
| 187|0x000000070f500000, 0x000000070f600000, 0x000000070f600000|100%| E|CS|TAMS 0x000000070f500000, 0x000000070f500000| Complete 
| 188|0x000000070f600000, 0x000000070f700000, 0x000000070f700000|100%| E|CS|TAMS 0x000000070f600000, 0x000000070f600000| Complete 
| 189|0x000000070f700000, 0x000000070f800000, 0x000000070f800000|100%| E|CS|TAMS 0x000000070f700000, 0x000000070f700000| Complete 
| 190|0x000000070f800000, 0x000000070f900000, 0x000000070f900000|100%| E|CS|TAMS 0x000000070f800000, 0x000000070f800000| Complete 
| 191|0x000000070f900000, 0x000000070fa00000, 0x000000070fa00000|100%| E|CS|TAMS 0x000000070f900000, 0x000000070f900000| Complete 
| 192|0x000000070fa00000, 0x000000070fb00000, 0x000000070fb00000|100%| E|CS|TAMS 0x000000070fa00000, 0x000000070fa00000| Complete 
| 193|0x000000070fb00000, 0x000000070fc00000, 0x000000070fc00000|100%| E|CS|TAMS 0x000000070fb00000, 0x000000070fb00000| Complete 
| 194|0x000000070fc00000, 0x000000070fd00000, 0x000000070fd00000|100%| E|CS|TAMS 0x000000070fc00000, 0x000000070fc00000| Complete 
| 195|0x000000070fd00000, 0x000000070fe00000, 0x000000070fe00000|100%| E|CS|TAMS 0x000000070fd00000, 0x000000070fd00000| Complete 
| 196|0x000000070fe00000, 0x000000070ff00000, 0x000000070ff00000|100%| E|CS|TAMS 0x000000070fe00000, 0x000000070fe00000| Complete 
| 197|0x000000070ff00000, 0x0000000710000000, 0x0000000710000000|100%| E|CS|TAMS 0x000000070ff00000, 0x000000070ff00000| Complete 
| 198|0x0000000710000000, 0x0000000710100000, 0x0000000710100000|100%| E|CS|TAMS 0x0000000710000000, 0x0000000710000000| Complete 
| 199|0x0000000710100000, 0x0000000710200000, 0x0000000710200000|100%| E|CS|TAMS 0x0000000710100000, 0x0000000710100000| Complete 
| 200|0x0000000710200000, 0x0000000710300000, 0x0000000710300000|100%| E|CS|TAMS 0x0000000710200000, 0x0000000710200000| Complete 
| 201|0x0000000710300000, 0x0000000710400000, 0x0000000710400000|100%| E|CS|TAMS 0x0000000710300000, 0x0000000710300000| Complete 
| 202|0x0000000710400000, 0x0000000710500000, 0x0000000710500000|100%| E|CS|TAMS 0x0000000710400000, 0x0000000710400000| Complete 
| 203|0x0000000710500000, 0x0000000710600000, 0x0000000710600000|100%| E|CS|TAMS 0x0000000710500000, 0x0000000710500000| Complete 
| 204|0x0000000710600000, 0x0000000710700000, 0x0000000710700000|100%| E|CS|TAMS 0x0000000710600000, 0x0000000710600000| Complete 
| 205|0x0000000710700000, 0x0000000710800000, 0x0000000710800000|100%| E|CS|TAMS 0x0000000710700000, 0x0000000710700000| Complete 
| 206|0x0000000710800000, 0x0000000710900000, 0x0000000710900000|100%| E|CS|TAMS 0x0000000710800000, 0x0000000710800000| Complete 
| 207|0x0000000710900000, 0x0000000710a00000, 0x0000000710a00000|100%| E|CS|TAMS 0x0000000710900000, 0x0000000710900000| Complete 
| 208|0x0000000710a00000, 0x0000000710b00000, 0x0000000710b00000|100%| E|CS|TAMS 0x0000000710a00000, 0x0000000710a00000| Complete 
| 209|0x0000000710b00000, 0x0000000710c00000, 0x0000000710c00000|100%| E|CS|TAMS 0x0000000710b00000, 0x0000000710b00000| Complete 
| 210|0x0000000710c00000, 0x0000000710d00000, 0x0000000710d00000|100%| E|CS|TAMS 0x0000000710c00000, 0x0000000710c00000| Complete 
| 211|0x0000000710d00000, 0x0000000710e00000, 0x0000000710e00000|100%| E|CS|TAMS 0x0000000710d00000, 0x0000000710d00000| Complete 
| 212|0x0000000710e00000, 0x0000000710f00000, 0x0000000710f00000|100%| E|CS|TAMS 0x0000000710e00000, 0x0000000710e00000| Complete 
| 213|0x0000000710f00000, 0x0000000711000000, 0x0000000711000000|100%| E|CS|TAMS 0x0000000710f00000, 0x0000000710f00000| Complete 
| 214|0x0000000711000000, 0x0000000711100000, 0x0000000711100000|100%| E|CS|TAMS 0x0000000711000000, 0x0000000711000000| Complete 
| 215|0x0000000711100000, 0x0000000711200000, 0x0000000711200000|100%| E|CS|TAMS 0x0000000711100000, 0x0000000711100000| Complete 
| 216|0x0000000711200000, 0x0000000711300000, 0x0000000711300000|100%| E|CS|TAMS 0x0000000711200000, 0x0000000711200000| Complete 
| 217|0x0000000711300000, 0x0000000711400000, 0x0000000711400000|100%| E|CS|TAMS 0x0000000711300000, 0x0000000711300000| Complete 
| 218|0x0000000711400000, 0x0000000711500000, 0x0000000711500000|100%| E|CS|TAMS 0x0000000711400000, 0x0000000711400000| Complete 
| 219|0x0000000711500000, 0x0000000711600000, 0x0000000711600000|100%| E|CS|TAMS 0x0000000711500000, 0x0000000711500000| Complete 
| 220|0x0000000711600000, 0x0000000711700000, 0x0000000711700000|100%| E|CS|TAMS 0x0000000711600000, 0x0000000711600000| Complete 
| 221|0x0000000711700000, 0x0000000711800000, 0x0000000711800000|100%| E|CS|TAMS 0x0000000711700000, 0x0000000711700000| Complete 
| 222|0x0000000711800000, 0x0000000711900000, 0x0000000711900000|100%| E|CS|TAMS 0x0000000711800000, 0x0000000711800000| Complete 
| 223|0x0000000711900000, 0x0000000711a00000, 0x0000000711a00000|100%| E|CS|TAMS 0x0000000711900000, 0x0000000711900000| Complete 
| 224|0x0000000711a00000, 0x0000000711b00000, 0x0000000711b00000|100%| E|CS|TAMS 0x0000000711a00000, 0x0000000711a00000| Complete 
| 225|0x0000000711b00000, 0x0000000711c00000, 0x0000000711c00000|100%| E|CS|TAMS 0x0000000711b00000, 0x0000000711b00000| Complete 
| 226|0x0000000711c00000, 0x0000000711d00000, 0x0000000711d00000|100%| E|CS|TAMS 0x0000000711c00000, 0x0000000711c00000| Complete 
| 227|0x0000000711d00000, 0x0000000711e00000, 0x0000000711e00000|100%| E|CS|TAMS 0x0000000711d00000, 0x0000000711d00000| Complete 
| 228|0x0000000711e00000, 0x0000000711f00000, 0x0000000711f00000|100%| E|CS|TAMS 0x0000000711e00000, 0x0000000711e00000| Complete 
| 229|0x0000000711f00000, 0x0000000712000000, 0x0000000712000000|100%| E|CS|TAMS 0x0000000711f00000, 0x0000000711f00000| Complete 
| 230|0x0000000712000000, 0x0000000712100000, 0x0000000712100000|100%| E|CS|TAMS 0x0000000712000000, 0x0000000712000000| Complete 
| 231|0x0000000712100000, 0x0000000712200000, 0x0000000712200000|100%| E|CS|TAMS 0x0000000712100000, 0x0000000712100000| Complete 
| 232|0x0000000712200000, 0x0000000712300000, 0x0000000712300000|100%| E|CS|TAMS 0x0000000712200000, 0x0000000712200000| Complete 
| 233|0x0000000712300000, 0x0000000712400000, 0x0000000712400000|100%| E|CS|TAMS 0x0000000712300000, 0x0000000712300000| Complete 
| 234|0x0000000712400000, 0x0000000712500000, 0x0000000712500000|100%| E|CS|TAMS 0x0000000712400000, 0x0000000712400000| Complete 
| 235|0x0000000712500000, 0x0000000712600000, 0x0000000712600000|100%| E|  |TAMS 0x0000000712500000, 0x0000000712500000| Complete 
| 236|0x0000000712600000, 0x0000000712700000, 0x0000000712700000|100%| E|CS|TAMS 0x0000000712600000, 0x0000000712600000| Complete 
| 237|0x0000000712700000, 0x0000000712800000, 0x0000000712800000|100%| E|CS|TAMS 0x0000000712700000, 0x0000000712700000| Complete 
| 238|0x0000000712800000, 0x0000000712900000, 0x0000000712900000|100%| E|CS|TAMS 0x0000000712800000, 0x0000000712800000| Complete 
| 239|0x0000000712900000, 0x0000000712a00000, 0x0000000712a00000|100%| E|CS|TAMS 0x0000000712900000, 0x0000000712900000| Complete 
| 240|0x0000000712a00000, 0x0000000712b00000, 0x0000000712b00000|100%| E|CS|TAMS 0x0000000712a00000, 0x0000000712a00000| Complete 
| 241|0x0000000712b00000, 0x0000000712c00000, 0x0000000712c00000|100%| E|CS|TAMS 0x0000000712b00000, 0x0000000712b00000| Complete 
| 242|0x0000000712c00000, 0x0000000712d00000, 0x0000000712d00000|100%| E|CS|TAMS 0x0000000712c00000, 0x0000000712c00000| Complete 
| 243|0x0000000712d00000, 0x0000000712e00000, 0x0000000712e00000|100%| E|CS|TAMS 0x0000000712d00000, 0x0000000712d00000| Complete 
| 244|0x0000000712e00000, 0x0000000712f00000, 0x0000000712f00000|100%| E|CS|TAMS 0x0000000712e00000, 0x0000000712e00000| Complete 
| 245|0x0000000712f00000, 0x0000000713000000, 0x0000000713000000|100%| E|CS|TAMS 0x0000000712f00000, 0x0000000712f00000| Complete 
| 246|0x0000000713000000, 0x0000000713100000, 0x0000000713100000|100%| E|CS|TAMS 0x0000000713000000, 0x0000000713000000| Complete 
| 247|0x0000000713100000, 0x0000000713200000, 0x0000000713200000|100%| E|CS|TAMS 0x0000000713100000, 0x0000000713100000| Complete 
| 248|0x0000000713200000, 0x0000000713300000, 0x0000000713300000|100%| E|CS|TAMS 0x0000000713200000, 0x0000000713200000| Complete 
| 249|0x0000000713300000, 0x0000000713400000, 0x0000000713400000|100%| E|CS|TAMS 0x0000000713300000, 0x0000000713300000| Complete 
| 250|0x0000000713400000, 0x0000000713500000, 0x0000000713500000|100%| E|CS|TAMS 0x0000000713400000, 0x0000000713400000| Complete 
| 251|0x0000000713500000, 0x0000000713600000, 0x0000000713600000|100%| E|CS|TAMS 0x0000000713500000, 0x0000000713500000| Complete 
| 252|0x0000000713600000, 0x0000000713700000, 0x0000000713700000|100%| E|CS|TAMS 0x0000000713600000, 0x0000000713600000| Complete 
| 253|0x0000000713700000, 0x0000000713800000, 0x0000000713800000|100%| E|CS|TAMS 0x0000000713700000, 0x0000000713700000| Complete 
| 254|0x0000000713800000, 0x0000000713900000, 0x0000000713900000|100%| E|CS|TAMS 0x0000000713800000, 0x0000000713800000| Complete 
| 255|0x0000000713900000, 0x0000000713a00000, 0x0000000713a00000|100%| E|CS|TAMS 0x0000000713900000, 0x0000000713900000| Complete 
| 256|0x0000000713a00000, 0x0000000713b00000, 0x0000000713b00000|100%| E|CS|TAMS 0x0000000713a00000, 0x0000000713a00000| Complete 
| 257|0x0000000713b00000, 0x0000000713c00000, 0x0000000713c00000|100%| E|CS|TAMS 0x0000000713b00000, 0x0000000713b00000| Complete 
| 258|0x0000000713c00000, 0x0000000713d00000, 0x0000000713d00000|100%| E|CS|TAMS 0x0000000713c00000, 0x0000000713c00000| Complete 
| 259|0x0000000713d00000, 0x0000000713e00000, 0x0000000713e00000|100%| E|CS|TAMS 0x0000000713d00000, 0x0000000713d00000| Complete 
| 260|0x0000000713e00000, 0x0000000713f00000, 0x0000000713f00000|100%| E|CS|TAMS 0x0000000713e00000, 0x0000000713e00000| Complete 
| 261|0x0000000713f00000, 0x0000000714000000, 0x0000000714000000|100%| E|CS|TAMS 0x0000000713f00000, 0x0000000713f00000| Complete 
| 262|0x0000000714000000, 0x0000000714100000, 0x0000000714100000|100%| E|CS|TAMS 0x0000000714000000, 0x0000000714000000| Complete 
| 263|0x0000000714100000, 0x0000000714200000, 0x0000000714200000|100%| E|CS|TAMS 0x0000000714100000, 0x0000000714100000| Complete 
| 264|0x0000000714200000, 0x0000000714300000, 0x0000000714300000|100%| E|CS|TAMS 0x0000000714200000, 0x0000000714200000| Complete 
| 265|0x0000000714300000, 0x0000000714400000, 0x0000000714400000|100%| E|CS|TAMS 0x0000000714300000, 0x0000000714300000| Complete 
| 266|0x0000000714400000, 0x0000000714500000, 0x0000000714500000|100%| E|CS|TAMS 0x0000000714400000, 0x0000000714400000| Complete 
| 267|0x0000000714500000, 0x0000000714600000, 0x0000000714600000|100%| E|CS|TAMS 0x0000000714500000, 0x0000000714500000| Complete 
| 268|0x0000000714600000, 0x0000000714700000, 0x0000000714700000|100%| E|CS|TAMS 0x0000000714600000, 0x0000000714600000| Complete 
| 269|0x0000000714700000, 0x0000000714800000, 0x0000000714800000|100%| E|CS|TAMS 0x0000000714700000, 0x0000000714700000| Complete 
| 270|0x0000000714800000, 0x0000000714900000, 0x0000000714900000|100%| E|CS|TAMS 0x0000000714800000, 0x0000000714800000| Complete 
| 271|0x0000000714900000, 0x0000000714a00000, 0x0000000714a00000|100%| E|CS|TAMS 0x0000000714900000, 0x0000000714900000| Complete 
| 272|0x0000000714a00000, 0x0000000714b00000, 0x0000000714b00000|100%| E|CS|TAMS 0x0000000714a00000, 0x0000000714a00000| Complete 
| 273|0x0000000714b00000, 0x0000000714c00000, 0x0000000714c00000|100%| E|CS|TAMS 0x0000000714b00000, 0x0000000714b00000| Complete 
| 274|0x0000000714c00000, 0x0000000714d00000, 0x0000000714d00000|100%| E|CS|TAMS 0x0000000714c00000, 0x0000000714c00000| Complete 
| 275|0x0000000714d00000, 0x0000000714e00000, 0x0000000714e00000|100%| E|CS|TAMS 0x0000000714d00000, 0x0000000714d00000| Complete 
| 276|0x0000000714e00000, 0x0000000714f00000, 0x0000000714f00000|100%| E|CS|TAMS 0x0000000714e00000, 0x0000000714e00000| Complete 
| 277|0x0000000714f00000, 0x0000000715000000, 0x0000000715000000|100%| E|CS|TAMS 0x0000000714f00000, 0x0000000714f00000| Complete 
| 278|0x0000000715000000, 0x0000000715100000, 0x0000000715100000|100%| E|CS|TAMS 0x0000000715000000, 0x0000000715000000| Complete 
| 279|0x0000000715100000, 0x0000000715200000, 0x0000000715200000|100%| E|CS|TAMS 0x0000000715100000, 0x0000000715100000| Complete 
| 280|0x0000000715200000, 0x0000000715300000, 0x0000000715300000|100%| E|CS|TAMS 0x0000000715200000, 0x0000000715200000| Complete 
| 281|0x0000000715300000, 0x0000000715400000, 0x0000000715400000|100%| E|CS|TAMS 0x0000000715300000, 0x0000000715300000| Complete 
| 282|0x0000000715400000, 0x0000000715500000, 0x0000000715500000|100%| E|CS|TAMS 0x0000000715400000, 0x0000000715400000| Complete 
| 283|0x0000000715500000, 0x0000000715600000, 0x0000000715600000|100%| E|CS|TAMS 0x0000000715500000, 0x0000000715500000| Complete 
| 284|0x0000000715600000, 0x0000000715700000, 0x0000000715700000|100%| E|CS|TAMS 0x0000000715600000, 0x0000000715600000| Complete 
| 285|0x0000000715700000, 0x0000000715800000, 0x0000000715800000|100%| E|CS|TAMS 0x0000000715700000, 0x0000000715700000| Complete 
| 286|0x0000000715800000, 0x0000000715900000, 0x0000000715900000|100%| E|CS|TAMS 0x0000000715800000, 0x0000000715800000| Complete 
| 287|0x0000000715900000, 0x0000000715a00000, 0x0000000715a00000|100%| E|CS|TAMS 0x0000000715900000, 0x0000000715900000| Complete 
| 288|0x0000000715a00000, 0x0000000715b00000, 0x0000000715b00000|100%| E|CS|TAMS 0x0000000715a00000, 0x0000000715a00000| Complete 
| 289|0x0000000715b00000, 0x0000000715c00000, 0x0000000715c00000|100%| E|CS|TAMS 0x0000000715b00000, 0x0000000715b00000| Complete 
| 290|0x0000000715c00000, 0x0000000715d00000, 0x0000000715d00000|100%| E|CS|TAMS 0x0000000715c00000, 0x0000000715c00000| Complete 
| 291|0x0000000715d00000, 0x0000000715e00000, 0x0000000715e00000|100%| E|CS|TAMS 0x0000000715d00000, 0x0000000715d00000| Complete 
| 292|0x0000000715e00000, 0x0000000715f00000, 0x0000000715f00000|100%| E|CS|TAMS 0x0000000715e00000, 0x0000000715e00000| Complete 
| 293|0x0000000715f00000, 0x0000000716000000, 0x0000000716000000|100%| E|CS|TAMS 0x0000000715f00000, 0x0000000715f00000| Complete 
| 294|0x0000000716000000, 0x0000000716100000, 0x0000000716100000|100%| E|CS|TAMS 0x0000000716000000, 0x0000000716000000| Complete 
| 295|0x0000000716100000, 0x0000000716200000, 0x0000000716200000|100%| E|CS|TAMS 0x0000000716100000, 0x0000000716100000| Complete 
| 296|0x0000000716200000, 0x0000000716300000, 0x0000000716300000|100%| E|CS|TAMS 0x0000000716200000, 0x0000000716200000| Complete 
| 297|0x0000000716300000, 0x0000000716400000, 0x0000000716400000|100%| E|CS|TAMS 0x0000000716300000, 0x0000000716300000| Complete 
| 298|0x0000000716400000, 0x0000000716500000, 0x0000000716500000|100%| E|CS|TAMS 0x0000000716400000, 0x0000000716400000| Complete 
| 299|0x0000000716500000, 0x0000000716600000, 0x0000000716600000|100%| E|CS|TAMS 0x0000000716500000, 0x0000000716500000| Complete 
| 300|0x0000000716600000, 0x0000000716700000, 0x0000000716700000|100%| E|CS|TAMS 0x0000000716600000, 0x0000000716600000| Complete 
| 301|0x0000000716700000, 0x0000000716800000, 0x0000000716800000|100%| E|CS|TAMS 0x0000000716700000, 0x0000000716700000| Complete 
| 302|0x0000000716800000, 0x0000000716900000, 0x0000000716900000|100%| E|CS|TAMS 0x0000000716800000, 0x0000000716800000| Complete 
| 303|0x0000000716900000, 0x0000000716a00000, 0x0000000716a00000|100%| E|CS|TAMS 0x0000000716900000, 0x0000000716900000| Complete 
| 304|0x0000000716a00000, 0x0000000716b00000, 0x0000000716b00000|100%| E|CS|TAMS 0x0000000716a00000, 0x0000000716a00000| Complete 

Card table byte_map: [0x000001e169470000,0x000001e169c60000] _byte_map_base: 0x000001e165c53000

Marking Bits (Prev, Next): (CMBitMap*) 0x000001e14f131ac0, (CMBitMap*) 0x000001e14f131a88
 Prev Bits: [0x000001e16e370000, 0x000001e172288000)
 Next Bits: [0x000001e16a450000, 0x000001e16e368000)

Polling page: 0x000001e14f1a0000

Metaspace:

Usage:
  Non-class:     64.32 MB capacity,    63.14 MB ( 98%) used,   968.16 KB (  1%) free+waste,   243.00 KB ( <1%) overhead. 
      Class:      9.48 MB capacity,     8.64 MB ( 91%) used,   740.51 KB (  8%) free+waste,   114.94 KB (  1%) overhead. 
       Both:     73.80 MB capacity,    71.78 MB ( 97%) used,     1.67 MB (  2%) free+waste,   357.94 KB ( <1%) overhead. 

Virtual space:
  Non-class space:       66.00 MB reserved,      64.33 MB ( 97%) committed 
      Class space:        1.00 GB reserved,       9.50 MB ( <1%) committed 
             Both:        1.06 GB reserved,      73.83 MB (  7%) committed 

Chunk freelists:
   Non-Class:  7.00 KB
       Class:  0 bytes
        Both:  7.00 KB

MaxMetaspaceSize: 17179869184.00 GB
CompressedClassSpaceSize: 1.00 GB
Initial GC threshold: 20.80 MB
Current GC threshold: 98.05 MB
CDS: off

CodeHeap 'non-profiled nmethods': size=120000Kb used=4686Kb max_used=4686Kb free=115313Kb
 bounds [0x000001e160ad0000, 0x000001e160f70000, 0x000001e168000000]
CodeHeap 'profiled nmethods': size=120000Kb used=15542Kb max_used=15542Kb free=104457Kb
 bounds [0x000001e1595a0000, 0x000001e15a4d0000, 0x000001e160ad0000]
CodeHeap 'non-nmethods': size=5760Kb used=2375Kb max_used=2431Kb free=3384Kb
 bounds [0x000001e159000000, 0x000001e159270000, 0x000001e1595a0000]
 total_blobs=7626 nmethods=6735 adapters=803
 compilation: enabled
              stopped_count=0, restarted_count=0
 full_count=0

Compilation events (20 events):
Event: 271.201 Thread 0x000001e175973800 6769       3       sun.nio.cs.ThreadLocalCoders$2::hasName (43 bytes)
Event: 271.202 Thread 0x000001e175973800 nmethod 6769 0x000001e15a4cc310 code [0x000001e15a4cc540, 0x000001e15a4ccef8]
Event: 271.202 Thread 0x000001e175973800 6772       3       java.nio.ByteBuffer::clear (7 bytes)
Event: 271.202 Thread 0x000001e175973800 nmethod 6772 0x000001e15a4cd110 code [0x000001e15a4cd2c0, 0x000001e15a4cd438]
Event: 271.202 Thread 0x000001e175973800 6766       3       org.apache.tomcat.util.http.ValuesEnumerator::hasMoreElements (13 bytes)
Event: 271.202 Thread 0x000001e175973800 nmethod 6766 0x000001e15a4cd510 code [0x000001e15a4cd6c0, 0x000001e15a4cd818]
Event: 271.202 Thread 0x000001e175973800 6770       1       org.hibernate.internal.AbstractSharedSessionContract::getFactory (5 bytes)
Event: 271.202 Thread 0x000001e175973800 nmethod 6770 0x000001e160f62410 code [0x000001e160f625c0, 0x000001e160f62678]
Event: 271.202 Thread 0x000001e175973800 6771       1       org.hibernate.internal.AbstractSharedSessionContract::getTransactionCoordinator (5 bytes)
Event: 271.202 Thread 0x000001e175973800 nmethod 6771 0x000001e160f62710 code [0x000001e160f628c0, 0x000001e160f62978]
Event: 271.202 Thread 0x000001e175973800 6763       1       org.apache.catalina.core.ApplicationFilterConfig::getFilterDef (5 bytes)
Event: 271.202 Thread 0x000001e175973800 nmethod 6763 0x000001e160f62a10 code [0x000001e160f62bc0, 0x000001e160f62c78]
Event: 271.203 Thread 0x000001e175973800 6764       1       org.apache.tomcat.util.descriptor.web.FilterDef::getAsyncSupported (5 bytes)
Event: 271.203 Thread 0x000001e175973800 nmethod 6764 0x000001e160f62d10 code [0x000001e160f62ec0, 0x000001e160f62f78]
Event: 271.203 Thread 0x000001e175973800 6760       1       org.apache.tomcat.util.buf.AbstractChunk::setLimit (6 bytes)
Event: 271.203 Thread 0x000001e175973800 nmethod 6760 0x000001e160f63010 code [0x000001e160f631c0, 0x000001e160f63278]
Event: 271.203 Thread 0x000001e175973800 6765       1       org.apache.tomcat.util.net.NioEndpoint::access$000 (5 bytes)
Event: 271.203 Thread 0x000001e175973800 nmethod 6765 0x000001e160f63310 code [0x000001e160f634c0, 0x000001e160f63558]
Event: 271.203 Thread 0x000001e175973800 6773       1       java.util.EventObject::getSource (5 bytes)
Event: 271.203 Thread 0x000001e175973800 nmethod 6773 0x000001e160f63610 code [0x000001e160f637c0, 0x000001e160f63878]

GC Heap History (10 events):
Event: 0.586 GC heap before
{Heap before GC invocations=0 (full 0):
 garbage-first heap   total 260096K, used 24576K [0x0000000703a00000, 0x0000000800000000)
  region size 1024K, 24 young (24576K), 0 survivors (0K)
 Metaspace       used 11511K, capacity 11748K, committed 12032K, reserved 1060864K
  class space    used 1102K, capacity 1154K, committed 1280K, reserved 1048576K
}
Event: 0.590 GC heap after
{Heap after GC invocations=1 (full 0):
 garbage-first heap   total 260096K, used 7309K [0x0000000703a00000, 0x0000000800000000)
  region size 1024K, 3 young (3072K), 3 survivors (3072K)
 Metaspace       used 11511K, capacity 11748K, committed 12032K, reserved 1060864K
  class space    used 1102K, capacity 1154K, committed 1280K, reserved 1048576K
}
Event: 1.072 GC heap before
{Heap before GC invocations=1 (full 0):
 garbage-first heap   total 260096K, used 45197K [0x0000000703a00000, 0x0000000800000000)
  region size 1024K, 41 young (41984K), 3 survivors (3072K)
 Metaspace       used 20708K, capacity 21179K, committed 21296K, reserved 1069056K
  class space    used 2207K, capacity 2401K, committed 2432K, reserved 1048576K
}
Event: 1.079 GC heap after
{Heap after GC invocations=2 (full 0):
 garbage-first heap   total 260096K, used 9527K [0x0000000703a00000, 0x0000000800000000)
  region size 1024K, 6 young (6144K), 6 survivors (6144K)
 Metaspace       used 20708K, capacity 21179K, committed 21296K, reserved 1069056K
  class space    used 2207K, capacity 2401K, committed 2432K, reserved 1048576K
}
Event: 1.590 GC heap before
{Heap before GC invocations=3 (full 0):
 garbage-first heap   total 260096K, used 49463K [0x0000000703a00000, 0x0000000800000000)
  region size 1024K, 45 young (46080K), 6 survivors (6144K)
 Metaspace       used 27635K, capacity 28376K, committed 28720K, reserved 1075200K
  class space    used 3045K, capacity 3335K, committed 3456K, reserved 1048576K
}
Event: 1.595 GC heap after
{Heap after GC invocations=4 (full 0):
 garbage-first heap   total 260096K, used 12570K [0x0000000703a00000, 0x0000000800000000)
  region size 1024K, 6 young (6144K), 6 survivors (6144K)
 Metaspace       used 27635K, capacity 28376K, committed 28720K, reserved 1075200K
  class space    used 3045K, capacity 3335K, committed 3456K, reserved 1048576K
}
Event: 2.569 GC heap before
{Heap before GC invocations=4 (full 0):
 garbage-first heap   total 260096K, used 78106K [0x0000000703a00000, 0x0000000800000000)
  region size 1024K, 71 young (72704K), 6 survivors (6144K)
 Metaspace       used 34822K, capacity 35768K, committed 35920K, reserved 1081344K
  class space    used 3971K, capacity 4328K, committed 4352K, reserved 1048576K
}
Event: 2.581 GC heap after
{Heap after GC invocations=5 (full 0):
 garbage-first heap   total 260096K, used 16168K [0x0000000703a00000, 0x0000000800000000)
  region size 1024K, 9 young (9216K), 9 survivors (9216K)
 Metaspace       used 34822K, capacity 35768K, committed 35920K, reserved 1081344K
  class space    used 3971K, capacity 4328K, committed 4352K, reserved 1048576K
}
Event: 5.175 GC heap before
{Heap before GC invocations=6 (full 0):
 garbage-first heap   total 260096K, used 154408K [0x0000000703a00000, 0x0000000800000000)
  region size 1024K, 145 young (148480K), 9 survivors (9216K)
 Metaspace       used 58428K, capacity 59907K, committed 59984K, reserved 1101824K
  class space    used 7092K, capacity 7664K, committed 7680K, reserved 1048576K
}
Event: 5.199 GC heap after
{Heap after GC invocations=7 (full 0):
 garbage-first heap   total 312320K, used 25362K [0x0000000703a00000, 0x0000000800000000)
  region size 1024K, 18 young (18432K), 18 survivors (18432K)
 Metaspace       used 58428K, capacity 59907K, committed 59984K, reserved 1101824K
  class space    used 7092K, capacity 7664K, committed 7680K, reserved 1048576K
}

Deoptimization events (20 events):
Event: 16.420 Thread 0x000001e17bcb4800 Uncommon trap: trap_request=0xffffff4d fr.pc=0x000001e160e21144 relative=0x0000000000000384
Event: 16.420 Thread 0x000001e17bcb4800 Uncommon trap: reason=unstable_if action=reinterpret pc=0x000001e160e21144 method=java.util.StringJoiner.add(Ljava/lang/CharSequence;)Ljava/util/StringJoiner; @ 33 c2
Event: 16.420 Thread 0x000001e17bcb4800 DEOPT PACKING pc=0x000001e160e21144 sp=0x0000006c909fd760
Event: 16.420 Thread 0x000001e17bcb4800 DEOPT UNPACKING pc=0x000001e15904a1af sp=0x0000006c909fd720 mode 2
Event: 16.423 Thread 0x000001e17bcb6000 Uncommon trap: trap_request=0xffffff4d fr.pc=0x000001e160b5dcd0 relative=0x0000000000000170
Event: 16.423 Thread 0x000001e17bcb6000 Uncommon trap: reason=unstable_if action=reinterpret pc=0x000001e160b5dcd0 method=java.util.concurrent.ConcurrentHashMap.addCount(JI)V @ 34 c2
Event: 16.423 Thread 0x000001e17bcb6000 DEOPT PACKING pc=0x000001e160b5dcd0 sp=0x0000006c90bfd210
Event: 16.423 Thread 0x000001e17bcb6000 DEOPT UNPACKING pc=0x000001e15904a1af sp=0x0000006c90bfd170 mode 2
Event: 16.424 Thread 0x000001e17bcb1800 Uncommon trap: trap_request=0xffffff4d fr.pc=0x000001e160cb757c relative=0x000000000000005c
Event: 16.424 Thread 0x000001e17bcb1800 Uncommon trap: reason=unstable_if action=reinterpret pc=0x000001e160cb757c method=java.util.concurrent.ConcurrentHashMap.sumCount()J @ 11 c2
Event: 16.424 Thread 0x000001e17bcb1800 DEOPT PACKING pc=0x000001e160cb757c sp=0x0000006c90cfd0e0
Event: 16.424 Thread 0x000001e17bcb1800 DEOPT UNPACKING pc=0x000001e15904a1af sp=0x0000006c90cfd048 mode 2
Event: 16.430 Thread 0x000001e17bcb4800 Uncommon trap: trap_request=0xffffff4d fr.pc=0x000001e160ba0b78 relative=0x0000000000000058
Event: 16.430 Thread 0x000001e17bcb4800 Uncommon trap: reason=unstable_if action=reinterpret pc=0x000001e160ba0b78 method=java.util.Objects.equals(Ljava/lang/Object;Ljava/lang/Object;)Z @ 6 c2
Event: 16.430 Thread 0x000001e17bcb4800 DEOPT PACKING pc=0x000001e160ba0b78 sp=0x0000006c909fd3c0
Event: 16.430 Thread 0x000001e17bcb4800 DEOPT UNPACKING pc=0x000001e15904a1af sp=0x0000006c909fd360 mode 2
Event: 271.092 Thread 0x000001e17bcb8000 Uncommon trap: trap_request=0xffffff76 fr.pc=0x000001e160f2dbb8 relative=0x00000000000003d8
Event: 271.092 Thread 0x000001e17bcb8000 Uncommon trap: reason=loop_limit_check action=maybe_recompile pc=0x000001e160f2dbb8 method=org.attoparser.util.TextUtil.equals(Z[CII[CII)Z @ 68 c2
Event: 271.092 Thread 0x000001e17bcb8000 DEOPT PACKING pc=0x000001e160f2dbb8 sp=0x0000006c90dfce20
Event: 271.092 Thread 0x000001e17bcb8000 DEOPT UNPACKING pc=0x000001e15904a1af sp=0x0000006c90dfcdc0 mode 2

Classes redefined (0 events):
No events

Internal exceptions (20 events):
Event: 16.326 Thread 0x000001e17bcb7000 Exception <a 'java/lang/ClassNotFoundException'{0x000000070f5a2ec0}: org/thymeleaf/engine/AttributeDefinitionCustomizer> (0x000000070f5a2ec0) thrown at [./src/hotspot/share/classfile/systemDictionary.cpp, line 230]
Event: 16.327 Thread 0x000001e17bcb7000 Exception <a 'java/lang/ClassNotFoundException'{0x000000070f5bbc00}: org/thymeleaf/engine/HTMLAttributeDefinitionCustomizer> (0x000000070f5bbc00) thrown at [./src/hotspot/share/classfile/systemDictionary.cpp, line 230]
Event: 16.331 Thread 0x000001e17bcb7000 Exception <a 'java/lang/ClassNotFoundException'{0x000000070f5f83d8}: org/thymeleaf/engine/ElementModelStructureHandlerBeanInfo> (0x000000070f5f83d8) thrown at [./src/hotspot/share/classfile/systemDictionary.cpp, line 230]
Event: 16.332 Thread 0x000001e17bcb7000 Exception <a 'java/lang/ClassNotFoundException'{0x000000070f40af48}: org/thymeleaf/engine/ElementModelStructureHandlerCustomizer> (0x000000070f40af48) thrown at [./src/hotspot/share/classfile/systemDictionary.cpp, line 230]
Event: 16.336 Thread 0x000001e17bcb7000 Exception <a 'java/lang/ClassNotFoundException'{0x000000070f300178}: java/util/Collections$UnmodifiableRandomAccessListBeanInfo> (0x000000070f300178) thrown at [./src/hotspot/share/classfile/systemDictionary.cpp, line 230]
Event: 16.336 Thread 0x000001e17bcb7000 Exception <a 'java/lang/ClassNotFoundException'{0x000000070f305978}: java/util/Collections$UnmodifiableListBeanInfo> (0x000000070f305978) thrown at [./src/hotspot/share/classfile/systemDictionary.cpp, line 230]
Event: 16.337 Thread 0x000001e17bcb7000 Exception <a 'java/lang/ClassNotFoundException'{0x000000070f30aec0}: java/util/Collections$UnmodifiableListCustomizer> (0x000000070f30aec0) thrown at [./src/hotspot/share/classfile/systemDictionary.cpp, line 230]
Event: 16.339 Thread 0x000001e17bcb7000 Exception <a 'java/lang/ClassNotFoundException'{0x000000070f32a1f8}: java/util/Collections$UnmodifiableRandomAccessListCustomizer> (0x000000070f32a1f8) thrown at [./src/hotspot/share/classfile/systemDictionary.cpp, line 230]
Event: 16.372 Thread 0x000001e17bcb7000 Exception <a 'java/lang/ClassNotFoundException'{0x000000070f2c2000}: nz/net/ultraq/thymeleaf/layoutdialect/models/ElementMergerBeanInfo> (0x000000070f2c2000) thrown at [./src/hotspot/share/classfile/systemDictionary.cpp, line 230]
Event: 16.373 Thread 0x000001e17bcb7000 Exception <a 'java/lang/ClassNotFoundException'{0x000000070f2d5c40}: nz/net/ultraq/thymeleaf/layoutdialect/models/ElementMergerCustomizer> (0x000000070f2d5c40) thrown at [./src/hotspot/share/classfile/systemDictionary.cpp, line 230]
Event: 16.376 Thread 0x000001e17bcb7000 Exception <a 'java/lang/ClassNotFoundException'{0x000000070f103600}: org/thymeleaf/model/AttributeValueQuotesBeanInfo> (0x000000070f103600) thrown at [./src/hotspot/share/classfile/systemDictionary.cpp, line 230]
Event: 16.376 Thread 0x000001e17bcb7000 Exception <a 'java/lang/ClassNotFoundException'{0x000000070f115088}: org/thymeleaf/model/AttributeValueQuotesCustomizer> (0x000000070f115088) thrown at [./src/hotspot/share/classfile/systemDictionary.cpp, line 230]
Event: 16.380 Thread 0x000001e17bcb7000 Exception <a 'java/lang/ClassNotFoundException'{0x000000070f148000}: org/thymeleaf/engine/ElementTagStructureHandlerBeanInfo> (0x000000070f148000) thrown at [./src/hotspot/share/classfile/systemDictionary.cpp, line 230]
Event: 16.381 Thread 0x000001e17bcb7000 Exception <a 'java/lang/ClassNotFoundException'{0x000000070f15a6f8}: org/thymeleaf/engine/ElementTagStructureHandlerCustomizer> (0x000000070f15a6f8) thrown at [./src/hotspot/share/classfile/systemDictionary.cpp, line 230]
Event: 271.191 Thread 0x000001e17bcb7000 Exception <a 'java/io/IOException'{0x000000070f1ff498}> (0x000000070f1ff498) thrown at [./src/hotspot/share/prims/jni.cpp, line 617]
Event: 271.196 Thread 0x000001e17bcb5800 Exception <a 'java/net/SocketException'{0x000000070d20cb48}: Connection reset by peer: shutdown> (0x000000070d20cb48) thrown at [./src/hotspot/share/prims/jni.cpp, line 638]
Event: 271.198 Thread 0x000001e17bcb7000 Exception <a 'java/io/IOException'{0x000000070d28cb40}> (0x000000070d28cb40) thrown at [./src/hotspot/share/prims/jni.cpp, line 617]
Event: 271.201 Thread 0x000001e17bcbc000 Exception <a 'java/net/SocketException'{0x000000070ef48a50}: Connection reset by peer: shutdown> (0x000000070ef48a50) thrown at [./src/hotspot/share/prims/jni.cpp, line 638]
Event: 271.201 Thread 0x000001e17bcb8800 Exception <a 'java/net/SocketException'{0x0000000713931b18}: Connection reset by peer: shutdown> (0x0000000713931b18) thrown at [./src/hotspot/share/prims/jni.cpp, line 638]
Event: 271.201 Thread 0x000001e17bcb6000 Exception <a 'java/net/SocketException'{0x000000070d33be10}: Connection reset by peer: shutdown> (0x000000070d33be10) thrown at [./src/hotspot/share/prims/jni.cpp, line 638]

Events (20 events):
Event: 271.113 Thread 0x000001e17a40c000 Thread added: 0x000001e17a40c000
Event: 271.166 Executing VM operation: RevokeBias
Event: 271.166 Executing VM operation: RevokeBias done
Event: 271.181 Executing VM operation: RevokeBias
Event: 271.181 Executing VM operation: RevokeBias done
Event: 271.181 Executing VM operation: RevokeBias
Event: 271.181 Executing VM operation: RevokeBias done
Event: 271.182 Executing VM operation: RevokeBias
Event: 271.183 Executing VM operation: RevokeBias done
Event: 271.186 Executing VM operation: RevokeBias
Event: 271.186 Executing VM operation: RevokeBias done
Event: 271.188 Executing VM operation: RevokeBias
Event: 271.189 Executing VM operation: RevokeBias done
Event: 271.192 loading class org/springframework/web/servlet/ModelAndViewDefiningException
Event: 271.192 loading class org/springframework/web/servlet/ModelAndViewDefiningException done
Event: 271.193 Thread 0x000001e179b5b800 Thread added: 0x000001e179b5b800
Event: 271.194 loading class org/springframework/web/server/ResponseStatusException
Event: 271.194 loading class org/springframework/web/server/ResponseStatusException done
Event: 271.197 loading class org/springframework/web/context/request/async/AsyncRequestTimeoutException
Event: 271.197 loading class org/springframework/web/context/request/async/AsyncRequestTimeoutException done


Dynamic libraries:
0x00007ff737980000 - 0x00007ff73798d000 	C:\Program Files\BellSoft\LibericaJDK-11\bin\java.exe
0x00007ffbb0f70000 - 0x00007ffbb1168000 	C:\WINDOWS\SYSTEM32\ntdll.dll
0x00007ffbb07e0000 - 0x00007ffbb089d000 	C:\WINDOWS\System32\KERNEL32.DLL
0x00007ffbae9c0000 - 0x00007ffbaec8e000 	C:\WINDOWS\System32\KERNELBASE.dll
0x00007ffbaec90000 - 0x00007ffbaed90000 	C:\WINDOWS\System32\ucrtbase.dll
0x00007ffba3260000 - 0x00007ffba3275000 	C:\Program Files\BellSoft\LibericaJDK-11\bin\VCRUNTIME140.dll
0x00007ffba31d0000 - 0x00007ffba31e7000 	C:\Program Files\BellSoft\LibericaJDK-11\bin\jli.dll
0x00007ffbb0980000 - 0x00007ffbb0b20000 	C:\WINDOWS\System32\USER32.dll
0x00007ffbaefa0000 - 0x00007ffbaefc2000 	C:\WINDOWS\System32\win32u.dll
0x00007ffbaf2e0000 - 0x00007ffbaf30a000 	C:\WINDOWS\System32\GDI32.dll
0x00007ffbae6e0000 - 0x00007ffbae7eb000 	C:\WINDOWS\System32\gdi32full.dll
0x00007ffb8bb10000 - 0x00007ffb8bdaa000 	C:\WINDOWS\WinSxS\amd64_microsoft.windows.common-controls_6595b64144ccf1df_6.0.19041.1110_none_60b5254171f9507e\COMCTL32.dll
0x00007ffbaef00000 - 0x00007ffbaef9d000 	C:\WINDOWS\System32\msvcp_win.dll
0x00007ffbb0c80000 - 0x00007ffbb0d1e000 	C:\WINDOWS\System32\msvcrt.dll
0x00007ffbb0c50000 - 0x00007ffbb0c80000 	C:\WINDOWS\System32\IMM32.DLL
0x00007ffb790f0000 - 0x00007ffb7918b000 	C:\Program Files\BellSoft\LibericaJDK-11\bin\msvcp140.dll
0x00007ffb6d080000 - 0x00007ffb6dbfb000 	C:\Program Files\BellSoft\LibericaJDK-11\bin\server\jvm.dll
0x00007ffbaf100000 - 0x00007ffbaf1ae000 	C:\WINDOWS\System32\ADVAPI32.dll
0x00007ffbafe80000 - 0x00007ffbaff1c000 	C:\WINDOWS\System32\sechost.dll
0x00007ffbb0b20000 - 0x00007ffbb0c45000 	C:\WINDOWS\System32\RPCRT4.dll
0x00007ffbaf2d0000 - 0x00007ffbaf2d8000 	C:\WINDOWS\System32\PSAPI.DLL
0x00007ffba8900000 - 0x00007ffba8927000 	C:\WINDOWS\SYSTEM32\WINMM.dll
0x00007ffba4f30000 - 0x00007ffba4f39000 	C:\WINDOWS\SYSTEM32\WSOCK32.dll
0x00007ffba2c20000 - 0x00007ffba2c2a000 	C:\WINDOWS\SYSTEM32\VERSION.dll
0x00007ffbaf470000 - 0x00007ffbaf4db000 	C:\WINDOWS\System32\WS2_32.dll
0x00007ffbacf20000 - 0x00007ffbacf32000 	C:\WINDOWS\SYSTEM32\kernel.appcore.dll
0x00007ffba8630000 - 0x00007ffba8640000 	C:\Program Files\BellSoft\LibericaJDK-11\bin\verify.dll
0x00007ffbacbb0000 - 0x00007ffbacd94000 	C:\WINDOWS\SYSTEM32\DBGHELP.DLL
0x00007ffba88d0000 - 0x00007ffba88fc000 	C:\WINDOWS\SYSTEM32\dbgcore.DLL
0x00007ffbaedc0000 - 0x00007ffbaee42000 	C:\WINDOWS\System32\bcryptPrimitives.dll
0x00007ffba31a0000 - 0x00007ffba31c8000 	C:\Program Files\BellSoft\LibericaJDK-11\bin\java.dll
0x00007ffba7fe0000 - 0x00007ffba7fea000 	C:\Program Files\BellSoft\LibericaJDK-11\bin\jimage.dll
0x00007ffba20d0000 - 0x00007ffba20e8000 	C:\Program Files\BellSoft\LibericaJDK-11\bin\zip.dll
0x00007ffbaffd0000 - 0x00007ffbb0714000 	C:\WINDOWS\System32\SHELL32.dll
0x00007ffba91b0000 - 0x00007ffba9944000 	C:\WINDOWS\SYSTEM32\windows.storage.dll
0x00007ffbafb10000 - 0x00007ffbafe64000 	C:\WINDOWS\System32\combase.dll
0x00007ffbae0f0000 - 0x00007ffbae120000 	C:\WINDOWS\SYSTEM32\Wldp.dll
0x00007ffbaff20000 - 0x00007ffbaffcd000 	C:\WINDOWS\System32\SHCORE.dll
0x00007ffbb0d20000 - 0x00007ffbb0d75000 	C:\WINDOWS\System32\shlwapi.dll
0x00007ffbae5d0000 - 0x00007ffbae5ef000 	C:\WINDOWS\SYSTEM32\profapi.dll
0x00007ffba20a0000 - 0x00007ffba20b9000 	C:\Program Files\BellSoft\LibericaJDK-11\bin\net.dll
0x00007ffba5930000 - 0x00007ffba5a3a000 	C:\WINDOWS\SYSTEM32\WINHTTP.dll
0x00007ffbade50000 - 0x00007ffbadeba000 	C:\WINDOWS\system32\mswsock.dll
0x00007ffb99ce0000 - 0x00007ffb99cf3000 	C:\Program Files\BellSoft\LibericaJDK-11\bin\nio.dll
0x00007ffba3250000 - 0x00007ffba3259000 	C:\Program Files\BellSoft\LibericaJDK-11\bin\management.dll
0x00007ffba3220000 - 0x00007ffba322b000 	C:\Program Files\BellSoft\LibericaJDK-11\bin\management_ext.dll
0x00007ffba3100000 - 0x00007ffba3117000 	C:\WINDOWS\system32\napinsp.dll
0x00007ffb7ac80000 - 0x00007ffb7ac9b000 	C:\WINDOWS\system32\pnrpnsp.dll
0x00007ffba5b40000 - 0x00007ffba5b55000 	C:\WINDOWS\system32\wshbth.dll
0x00007ffba8440000 - 0x00007ffba845d000 	C:\WINDOWS\system32\NLAapi.dll
0x00007ffbadaf0000 - 0x00007ffbadb2b000 	C:\WINDOWS\SYSTEM32\IPHLPAPI.DLL
0x00007ffbadb40000 - 0x00007ffbadc0b000 	C:\WINDOWS\SYSTEM32\DNSAPI.dll
0x00007ffbb0970000 - 0x00007ffbb0978000 	C:\WINDOWS\System32\NSI.dll
0x00007ffb6f590000 - 0x00007ffb6f5a2000 	C:\WINDOWS\System32\winrnr.dll
0x00007ffba34f0000 - 0x00007ffba34fa000 	C:\Windows\System32\rasadhlp.dll
0x00007ffba0070000 - 0x00007ffba00f0000 	C:\WINDOWS\System32\fwpuclnt.dll
0x00007ffbaed90000 - 0x00007ffbaedb7000 	C:\WINDOWS\System32\bcrypt.dll
0x00007ffbae040000 - 0x00007ffbae058000 	C:\WINDOWS\SYSTEM32\CRYPTSP.dll
0x00007ffbad760000 - 0x00007ffbad794000 	C:\WINDOWS\system32\rsaenh.dll
0x00007ffbae590000 - 0x00007ffbae5be000 	C:\WINDOWS\SYSTEM32\USERENV.dll
0x00007ffbae060000 - 0x00007ffbae06c000 	C:\WINDOWS\SYSTEM32\CRYPTBASE.dll
0x00007ffba3500000 - 0x00007ffba3517000 	C:\WINDOWS\SYSTEM32\dhcpcsvc6.DLL
0x00007ffba3720000 - 0x00007ffba373d000 	C:\WINDOWS\SYSTEM32\dhcpcsvc.DLL
0x00007ffb97710000 - 0x00007ffb97735000 	C:\Program Files\BellSoft\LibericaJDK-11\bin\sunec.dll
0x00007ffba3290000 - 0x00007ffba329e000 	C:\Program Files\BellSoft\LibericaJDK-11\bin\sunmscapi.dll
0x00007ffbae7f0000 - 0x00007ffbae946000 	C:\WINDOWS\System32\CRYPT32.dll
0x00007ffbae160000 - 0x00007ffbae187000 	C:\WINDOWS\SYSTEM32\ncrypt.dll
0x00007ffbae120000 - 0x00007ffbae15b000 	C:\WINDOWS\SYSTEM32\NTASN1.dll

dbghelp: loaded successfully - version: 4.0.5 - missing functions: none
symbol engine: initialized successfully - sym options: 0x614 - pdb path: .;C:\Program Files\BellSoft\LibericaJDK-11\bin;C:\WINDOWS\SYSTEM32;C:\WINDOWS\WinSxS\amd64_microsoft.windows.common-controls_6595b64144ccf1df_6.0.19041.1110_none_60b5254171f9507e;C:\Program Files\BellSoft\LibericaJDK-11\bin\server

VM Arguments:
java_command: com.hospice.care.CareApplication
java_class_path (initial): C:\Users\b5r2u\Desktop\hospice-isyuukan\bin\main;C:\Users\b5r2u\.gradle\caches\modules-2\files-2.1\org.projectlombok\lombok\1.18.24\13a394eed5c4f9efb2a6d956e2086f1d81e857d9\lombok-1.18.24.jar;C:\Users\b5r2u\.gradle\caches\modules-2\files-2.1\org.springframework.boot\spring-boot-starter-thymeleaf\2.7.1\76b36fc78c80ca34832b670e6551845a0c76ce44\spring-boot-starter-thymeleaf-2.7.1.jar;C:\Users\b5r2u\.gradle\caches\modules-2\files-2.1\org.springframework.boot\spring-boot-starter-web\2.7.1\29f47f503f9955b1a9746870aeaebdba448416d\spring-boot-starter-web-2.7.1.jar;C:\Users\b5r2u\.gradle\caches\modules-2\files-2.1\org.mybatis.spring.boot\mybatis-spring-boot-starter\2.2.0\1543d9566e2acaa7230cd8996237a291603ac21f\mybatis-spring-boot-starter-2.2.0.jar;C:\Users\b5r2u\.gradle\caches\modules-2\files-2.1\mysql\mysql-connector-java\8.0.15\1cd928d0f1a93563993ce1d8b468217ea0d19b11\mysql-connector-java-8.0.15.jar;C:\Users\b5r2u\.gradle\caches\modules-2\files-2.1\org.springframework.boot\spring-boot-starter-data-jpa\2.7.1\39e98264c195a06c8c29a63c24b6ce295ca10795\spring-boot-starter-data-jpa-2.7.1.jar;C:\Users\b5r2u\.gradle\caches\modules-2\files-2.1\nz.net.ultraq.thymeleaf\thymeleaf-layout-dialect\3.0.0\901115ad80d4928d1d15f7dfa0bad99c1a006cc2\thymeleaf-layout-dialect-3.0.0.jar;C:\Users\b5r2u\.gradle\caches\modules-2\files-2.1\org.springframework.boot\spring-boot-starter-json\2.7.1\711889df8474d7f0271b1e25cd75a9249e0a4621\spring-boot-starter-json-2.7.1.jar;C:\Users\b5r2u\.gradle\caches\modules-2\files-2.1\org.springframework.boot\spring-boot-starter-jdbc\2.7.1\bba8a72a8042cec0b7961f11b0b3332724f5845e\spring-boot-starter-jdbc-2.7.1.jar;C:\Users\b5r2u\.gradle\caches\modules-2\files-2.1\org.springframework.boot\spring-boot-starter-aop\2.7.1\e7c78497e3528ae3037c723259b4b0944994f03\spring-boot-starter-aop-2.7.1.jar;C:\Users\b5r2u\.gradle\caches\modules-2\files-2.1\org.springframework.boot\spring-boot-starter\2.7.1\48f7e04459ccc16d3532bfc486c1b6d629e6e0fc\spring-b
Launcher Type: SUN_STANDARD

[Global flags]
     intx CICompilerCount                          = 4                                         {product} {ergonomic}
     uint ConcGCThreads                            = 3                                         {product} {ergonomic}
     uint G1ConcRefinementThreads                  = 10                                        {product} {ergonomic}
   size_t G1HeapRegionSize                         = 1048576                                   {product} {ergonomic}
    uintx GCDrainStackTargetSize                   = 64                                        {product} {ergonomic}
   size_t InitialHeapSize                          = 266338304                                 {product} {ergonomic}
   size_t MarkStackSize                            = 4194304                                   {product} {ergonomic}
   size_t MaxHeapSize                              = 4234149888                                {product} {ergonomic}
   size_t MaxNewSize                               = 2539651072                                {product} {ergonomic}
   size_t MinHeapDeltaBytes                        = 1048576                                   {product} {ergonomic}
    uintx NonNMethodCodeHeapSize                   = 5836300                                {pd product} {ergonomic}
    uintx NonProfiledCodeHeapSize                  = 122910970                              {pd product} {ergonomic}
    uintx ProfiledCodeHeapSize                     = 122910970                              {pd product} {ergonomic}
    uintx ReservedCodeCacheSize                    = 251658240                              {pd product} {ergonomic}
     bool SegmentedCodeCache                       = true                                      {product} {ergonomic}
     bool UseCompressedClassPointers               = true                                 {lp64_product} {ergonomic}
     bool UseCompressedOops                        = true                                 {lp64_product} {ergonomic}
     bool UseG1GC                                  = true                                      {product} {ergonomic}
     bool UseLargePagesIndividualAllocation        = false                                  {pd product} {ergonomic}

Logging:
Log output configuration:
 #0: stdout all=warning uptime,level,tags
 #1: stderr all=off uptime,level,tags

Environment Variables:
JAVA_HOME=C:\Program Files\BellSoft\LibericaJDK-11\
PATH=C:\Program Files\BellSoft\LibericaJDK-11\bin\;C:\Program Files\BellSoft\LibericaJDK-11\\bin;C:\Program Files (x86)\Common Files\Oracle\Java\javapath;C:\WINDOWS\system32;C:\WINDOWS;C:\WINDOWS\System32\Wbem;C:\WINDOWS\System32\WindowsPowerShell\v1.0\;C:\WINDOWS\System32\OpenSSH\;C:\Program Files\Bandizip\;C:\Program Files\dotnet\;C:\Program Files\Git\cmd;C:\Program Files\MySQL\MySQL Server 8.0\bin;C:\Program Files\MySQL\MySQL Shell 8.0\bin\;C:\Users\b5r2u\AppData\Local\Microsoft\WindowsApps;;C:\install\Microsoft VS Code\bin
USERNAME=b5r2u
LANG=ko_KR.UTF-8
OS=Windows_NT
PROCESSOR_IDENTIFIER=Intel64 Family 6 Model 165 Stepping 2, GenuineIntel



---------------  S Y S T E M  ---------------

OS: Windows 10 , 64 bit Build 19041 (10.0.19041.1806)
OS uptime: 2 days 22:27 hours

CPU:total 12 (initial active 12) (6 cores per cpu, 2 threads per core) family 6 model 165 stepping 2 microcode 0xf0, cmov, cx8, fxsr, mmx, sse, sse2, sse3, ssse3, sse4.1, sse4.2, popcnt, avx, avx2, aes, clmul, erms, 3dnowpref, lzcnt, ht, tsc, tscinvbit, bmi1, bmi2, adx, fma

Memory: 4k page, system-wide physical 16145M (812M free)
TotalPageFile size 65297M (AvailPageFile size 14M)
current process WorkingSet (physical memory assigned to process): 401M, peak: 428M
current process commit charge ("private bytes"): 529M, peak: 560M

vm_info: OpenJDK 64-Bit Server VM (11.0.15.1+2-LTS) for windows-amd64 JRE (11.0.15.1+2-LTS), built on May 26 2022 19:26:10 by "" with unknown MS VC++:1916

END.
